[2025-07-20 21:39:46] === 画像URL検証・修正プログラム開始 ===
[2025-07-20 21:39:46] 全記事の画像URL検証を開始
[2025-07-20 21:39:46] 検証対象ファイル数: 109
[2025-07-20 21:39:46] 記事ID 8E01793825904B5FA5C81D0FD6E040B2 を検証中...
[2025-07-20 21:39:46] 記事ID 8E01793825904B5FA5C81D0FD6E040B2: URL形式エラー - ['記事IDがURLに含まれていません']
[2025-07-20 21:39:46] 記事ID 363674979910439B94DB04A4017D13C6 を検証中...
[2025-07-20 21:39:46] 記事ID 363674979910439B94DB04A4017D13C6: URL形式エラー - ['記事IDがURLに含まれていません']
[2025-07-20 21:39:46] 記事ID 363674979910439B94DB04A4017D13C6: URL形式エラー - ['記事IDがURLに含まれていません', '画像ファイル名を抽出できません']
[2025-07-20 21:39:46] 記事ID B537AD1EBE2C4427A1326B2DD849C3ED を検証中...
[2025-07-20 21:39:46] 記事ID B537AD1EBE2C4427A1326B2DD849C3ED: URL形式エラー - ['記事IDがURLに含まれていません']
[2025-07-20 21:39:46] 記事ID B537AD1EBE2C4427A1326B2DD849C3ED: URL形式エラー - ['記事IDがURLに含まれていません']
[2025-07-20 21:39:46] 記事ID B537AD1EBE2C4427A1326B2DD849C3ED: URL形式エラー - ['記事IDがURLに含まれていません']
[2025-07-20 21:39:46] 記事ID 1E82533E6E694DF4A6B5C7E065721BCA を検証中...
[2025-07-20 21:39:46] 記事ID 1E82533E6E694DF4A6B5C7E065721BCA: URL形式エラー - ['記事IDがURLに含まれていません']
[2025-07-20 21:39:46] 記事ID 70D9E248389A445C81B73C4696B5D061 を検証中...
[2025-07-20 21:39:46] 記事ID 70D9E248389A445C81B73C4696B5D061: URL形式エラー - ['記事IDがURLに含まれていません']
[2025-07-20 21:39:46] 記事ID BF21D389298E4E969D966A4FA4ABD488 を検証中...
[2025-07-20 21:39:46] 記事ID BF21D389298E4E969D966A4FA4ABD488: URL形式エラー - ['記事IDがURLに含まれていません']
[2025-07-20 21:39:46] 記事ID F87038ADD293450C87384D4111547D55 を検証中...
[2025-07-20 21:39:46] 記事ID F87038ADD293450C87384D4111547D55: URL形式エラー - ['記事IDがURLに含まれていません']
[2025-07-20 21:39:46] 記事ID F87038ADD293450C87384D4111547D55: URL形式エラー - ['記事IDがURLに含まれていません']
[2025-07-20 21:39:46] 記事ID F87038ADD293450C87384D4111547D55: URL形式エラー - ['記事IDがURLに含まれていません']
[2025-07-20 21:39:46] 記事ID F87038ADD293450C87384D4111547D55: URL形式エラー - ['記事IDがURLに含まれていません']
[2025-07-20 21:39:46] 記事ID F87038ADD293450C87384D4111547D55: URL形式エラー - ['記事IDがURLに含まれていません']
[2025-07-20 21:39:46] 記事ID F87038ADD293450C87384D4111547D55: URL形式エラー - ['記事IDがURLに含まれていません']
[2025-07-20 21:39:46] 記事ID D5608077B80342278424D423AEB5C99D を検証中...
[2025-07-20 21:39:46] 記事ID D5608077B80342278424D423AEB5C99D: URL形式エラー - ['記事IDがURLに含まれていません']
[2025-07-20 21:39:46] 記事ID 2693D32C2D684C1FA68AA4C7956500CC を検証中...
[2025-07-20 21:39:46] 記事ID 2693D32C2D684C1FA68AA4C7956500CC: URL形式エラー - ['記事IDがURLに含まれていません', '画像ファイル名を抽出できません']
[2025-07-20 21:39:46] 記事ID C13686E5C2DA46F6BBA558595BCA564B を検証中...
[2025-07-20 21:39:46] 記事ID C13686E5C2DA46F6BBA558595BCA564B: URL形式エラー - ['記事IDがURLに含まれていません', '画像ファイル名を抽出できません']
[2025-07-20 21:39:46] 記事ID C13686E5C2DA46F6BBA558595BCA564B: URL形式エラー - ['記事IDがURLに含まれていません', '画像ファイル名を抽出できません']
[2025-07-20 21:39:46] 記事ID C13686E5C2DA46F6BBA558595BCA564B: URL形式エラー - ['記事IDがURLに含まれていません', '画像ファイル名を抽出できません']
[2025-07-20 21:39:46] 記事ID C13686E5C2DA46F6BBA558595BCA564B: URL形式エラー - ['記事IDがURLに含まれていません', '画像ファイル名を抽出できません']
[2025-07-20 21:39:46] 記事ID 9BAE75737B6E4A7CB3BD8A81F1B9E37A を検証中...
[2025-07-20 21:39:46] 記事ID 9BAE75737B6E4A7CB3BD8A81F1B9E37A: URL形式エラー - ['記事IDがURLに含まれていません', '画像ファイル名を抽出できません']
[2025-07-20 21:39:46] 記事ID 9BAE75737B6E4A7CB3BD8A81F1B9E37A: URL形式エラー - ['記事IDがURLに含まれていません', '画像ファイル名を抽出できません']
[2025-07-20 21:39:46] 記事ID 9BAE75737B6E4A7CB3BD8A81F1B9E37A: URL形式エラー - ['記事IDがURLに含まれていません', '画像ファイル名を抽出できません']
[2025-07-20 21:39:46] 記事ID 9BAE75737B6E4A7CB3BD8A81F1B9E37A: URL形式エラー - ['記事IDがURLに含まれていません', '画像ファイル名を抽出できません']
[2025-07-20 21:39:46] 記事ID 9C652428B6B94CC782B1B276FA694D5D を検証中...
[2025-07-20 21:39:46] 記事ID 9C652428B6B94CC782B1B276FA694D5D: URL形式エラー - ['記事IDがURLに含まれていません']
[2025-07-20 21:39:46] 記事ID 864A87535327462B8F5A6BC67F6CAAC1 を検証中...
[2025-07-20 21:39:46] 記事ID 864A87535327462B8F5A6BC67F6CAAC1: URL形式エラー - ['記事IDがURLに含まれていません', '画像ファイル名を抽出できません']
[2025-07-20 21:39:46] 記事ID 9E9AAD8E0EB9424AB5D39529EE6760FF を検証中...
[2025-07-20 21:39:46] 記事ID 9E9AAD8E0EB9424AB5D39529EE6760FF: URL形式エラー - ['記事IDがURLに含まれていません']
[2025-07-20 21:39:46] 記事ID 9E9AAD8E0EB9424AB5D39529EE6760FF: URL形式エラー - ['記事IDがURLに含まれていません']
[2025-07-20 21:39:46] 記事ID 6014EB5AA9FA495CB7A32D2B3E1BB297 を検証中...
[2025-07-20 21:39:46] 記事ID 6014EB5AA9FA495CB7A32D2B3E1BB297: URL形式エラー - ['記事IDがURLに含まれていません', '画像ファイル名を抽出できません']
[2025-07-20 21:39:46] 記事ID 39398F03F39F4C75B45B4DC90DE9EE57 を検証中...
[2025-07-20 21:39:46] 記事ID 39398F03F39F4C75B45B4DC90DE9EE57: URL形式エラー - ['記事IDがURLに含まれていません']
[2025-07-20 21:39:46] 記事ID 19525CF54A3D4EC2B182C6D9402F5412 を検証中...
[2025-07-20 21:39:46] 記事ID 19525CF54A3D4EC2B182C6D9402F5412: URL形式エラー - ['記事IDがURLに含まれていません']
[2025-07-20 21:39:46] 記事ID BB53D62A27ED47C291C0818379831FE0 を検証中...
[2025-07-20 21:39:46] 記事ID BB53D62A27ED47C291C0818379831FE0: URL形式エラー - ['記事IDがURLに含まれていません']
[2025-07-20 21:39:46] 記事ID E75327AECE034D3190CC7005CF4516F3 を検証中...
[2025-07-20 21:39:46] 記事ID E75327AECE034D3190CC7005CF4516F3: URL形式エラー - ['記事IDがURLに含まれていません', '画像ファイル名を抽出できません']
[2025-07-20 21:39:46] 記事ID E75327AECE034D3190CC7005CF4516F3: URL形式エラー - ['記事IDがURLに含まれていません', '画像ファイル名を抽出できません']
[2025-07-20 21:39:46] 記事ID E75327AECE034D3190CC7005CF4516F3: URL形式エラー - ['記事IDがURLに含まれていません', '画像ファイル名を抽出できません']
[2025-07-20 21:39:46] 記事ID E75327AECE034D3190CC7005CF4516F3: URL形式エラー - ['記事IDがURLに含まれていません', '画像ファイル名を抽出できません']
[2025-07-20 21:39:46] 記事ID 350051FB088B4583AB5EAB050B96D9F4 を検証中...
[2025-07-20 21:39:46] 記事ID 350051FB088B4583AB5EAB050B96D9F4: URL形式エラー - ['記事IDがURLに含まれていません', '画像ファイル名を抽出できません']
[2025-07-20 21:39:46] 記事ID 46FB28AC94FD4B10A536917346A45642 を検証中...
[2025-07-20 21:39:46] 記事ID 46FB28AC94FD4B10A536917346A45642: URL形式エラー - ['記事IDがURLに含まれていません', '画像ファイル名を抽出できません']
[2025-07-20 21:39:46] 記事ID 46FB28AC94FD4B10A536917346A45642: URL形式エラー - ['記事IDがURLに含まれていません', '画像ファイル名を抽出できません']
[2025-07-20 21:39:46] 記事ID 46FB28AC94FD4B10A536917346A45642: URL形式エラー - ['記事IDがURLに含まれていません', '画像ファイル名を抽出できません']
[2025-07-20 21:39:46] 記事ID 46FB28AC94FD4B10A536917346A45642: URL形式エラー - ['記事IDがURLに含まれていません', '画像ファイル名を抽出できません']
[2025-07-20 21:39:46] 記事ID 46FB28AC94FD4B10A536917346A45642: URL形式エラー - ['記事IDがURLに含まれていません', '画像ファイル名を抽出できません']
[2025-07-20 21:39:46] 記事ID 46FB28AC94FD4B10A536917346A45642: URL形式エラー - ['記事IDがURLに含まれていません', '画像ファイル名を抽出できません']
[2025-07-20 21:39:46] 記事ID EEEED45F9FBA40E6AF2DFB6BDBD00ED3 を検証中...
[2025-07-20 21:39:46] 記事ID EEEED45F9FBA40E6AF2DFB6BDBD00ED3: URL形式エラー - ['記事IDがURLに含まれていません', '画像ファイル名を抽出できません']
[2025-07-20 21:39:46] 記事ID 8811365F79D44C44ACFF5480577C65A8 を検証中...
[2025-07-20 21:39:46] 記事ID 8811365F79D44C44ACFF5480577C65A8: URL形式エラー - ['blog-imagesディレクトリが含まれていません', '記事IDがURLに含まれていません']
[2025-07-20 21:39:46] 記事ID 8811365F79D44C44ACFF5480577C65A8: URL形式正常
[2025-07-20 21:39:46] 記事ID 8811365F79D44C44ACFF5480577C65A8: URL形式正常
[2025-07-20 21:39:46] 記事ID 8811365F79D44C44ACFF5480577C65A8: URL形式正常
[2025-07-20 21:39:46] 記事ID 8811365F79D44C44ACFF5480577C65A8: URL形式エラー - ['blog-imagesディレクトリが含まれていません', '記事IDがURLに含まれていません']
[2025-07-20 21:39:46] 記事ID F1F696FD99C64830B5860BC209CFFD0B を検証中...
[2025-07-20 21:39:46] 記事ID F1F696FD99C64830B5860BC209CFFD0B: URL形式エラー - ['記事IDがURLに含まれていません']
[2025-07-20 21:39:46] 記事ID F1F696FD99C64830B5860BC209CFFD0B: URL形式エラー - ['記事IDがURLに含まれていません']
[2025-07-20 21:39:46] 記事ID F1F696FD99C64830B5860BC209CFFD0B: URL形式エラー - ['記事IDがURLに含まれていません']
[2025-07-20 21:39:46] 記事ID F1F696FD99C64830B5860BC209CFFD0B: URL形式エラー - ['記事IDがURLに含まれていません']
[2025-07-20 21:39:46] 記事ID A6260C2D0B044532A88E2532C2D652CE を検証中...
[2025-07-20 21:39:46] 記事ID A6260C2D0B044532A88E2532C2D652CE: URL形式エラー - ['記事IDがURLに含まれていません']
[2025-07-20 21:39:46] 記事ID A6260C2D0B044532A88E2532C2D652CE: URL形式エラー - ['記事IDがURLに含まれていません', '画像ファイル名を抽出できません']
[2025-07-20 21:39:46] 記事ID A6260C2D0B044532A88E2532C2D652CE: URL形式エラー - ['記事IDがURLに含まれていません', '画像ファイル名を抽出できません']
[2025-07-20 21:39:46] 記事ID A6260C2D0B044532A88E2532C2D652CE: URL形式エラー - ['記事IDがURLに含まれていません', '画像ファイル名を抽出できません']
[2025-07-20 21:39:46] 記事ID 8ACBF4BCF7574C4D9E77B55A7AB795F7 を検証中...
[2025-07-20 21:39:46] 記事ID 8ACBF4BCF7574C4D9E77B55A7AB795F7: URL形式エラー - ['記事IDがURLに含まれていません', '画像ファイル名を抽出できません']
[2025-07-20 21:39:46] 記事ID 8ACBF4BCF7574C4D9E77B55A7AB795F7: URL形式エラー - ['記事IDがURLに含まれていません', '画像ファイル名を抽出できません']
[2025-07-20 21:39:46] 記事ID 8ACBF4BCF7574C4D9E77B55A7AB795F7: URL形式エラー - ['記事IDがURLに含まれていません', '画像ファイル名を抽出できません']
[2025-07-20 21:39:46] 記事ID 8ACBF4BCF7574C4D9E77B55A7AB795F7: URL形式エラー - ['記事IDがURLに含まれていません', '画像ファイル名を抽出できません']
[2025-07-20 21:39:46] 記事ID 8ACBF4BCF7574C4D9E77B55A7AB795F7: URL形式エラー - ['記事IDがURLに含まれていません', '画像ファイル名を抽出できません']
[2025-07-20 21:39:46] 記事ID 8ACBF4BCF7574C4D9E77B55A7AB795F7: URL形式エラー - ['記事IDがURLに含まれていません', '画像ファイル名を抽出できません']
[2025-07-20 21:39:46] 記事ID E863E5CF98F54B75944D5A3EA584B25B を検証中...
[2025-07-20 21:39:46] 記事ID E863E5CF98F54B75944D5A3EA584B25B: URL形式エラー - ['記事IDがURLに含まれていません', '画像ファイル名を抽出できません']
[2025-07-20 21:39:46] 記事ID ABDC6F2D08E443518B2FF99448545F99 を検証中...
[2025-07-20 21:39:46] 記事ID ABDC6F2D08E443518B2FF99448545F99: URL形式エラー - ['記事IDがURLに含まれていません']
[2025-07-20 21:39:46] 記事ID ABDC6F2D08E443518B2FF99448545F99: URL形式エラー - ['記事IDがURLに含まれていません']
[2025-07-20 21:39:46] 記事ID ABDC6F2D08E443518B2FF99448545F99: URL形式エラー - ['記事IDがURLに含まれていません']
[2025-07-20 21:39:46] 記事ID 52A5DBB51D1E4F4C9C282F646180A0F1 を検証中...
[2025-07-20 21:39:46] 記事ID 52A5DBB51D1E4F4C9C282F646180A0F1: URL形式エラー - ['記事IDがURLに含まれていません']
[2025-07-20 21:39:46] 記事ID 52A5DBB51D1E4F4C9C282F646180A0F1: URL形式エラー - ['記事IDがURLに含まれていません']
[2025-07-20 21:39:46] 記事ID 99E78D452C9F44BABA6D55877F7410D3 を検証中...
[2025-07-20 21:39:46] 記事ID 99E78D452C9F44BABA6D55877F7410D3: URL形式エラー - ['記事IDがURLに含まれていません']
[2025-07-20 21:39:46] 記事ID F7CE4CE425E54A578D05D352A463BE8E を検証中...
[2025-07-20 21:39:46] 記事ID F7CE4CE425E54A578D05D352A463BE8E: URL形式エラー - ['記事IDがURLに含まれていません']
[2025-07-20 21:39:46] 記事ID 220796FAB31E4ED0A06A9EDC85927DCE を検証中...
[2025-07-20 21:39:46] 記事ID 220796FAB31E4ED0A06A9EDC85927DCE: URL形式エラー - ['記事IDがURLに含まれていません']
[2025-07-20 21:39:46] 記事ID 2B3FFAD1E53547EC81CFF921EAEDFBF8 を検証中...
[2025-07-20 21:39:46] 記事ID 2B3FFAD1E53547EC81CFF921EAEDFBF8: URL形式エラー - ['記事IDがURLに含まれていません']
[2025-07-20 21:39:46] 記事ID 2B3FFAD1E53547EC81CFF921EAEDFBF8: URL形式エラー - ['記事IDがURLに含まれていません']
[2025-07-20 21:39:46] 記事ID C525FAC1DC9A4ED19EBBCF21A43D54A7 を検証中...
[2025-07-20 21:39:46] 記事ID C525FAC1DC9A4ED19EBBCF21A43D54A7: URL形式エラー - ['記事IDがURLに含まれていません']
[2025-07-20 21:39:46] 記事ID C525FAC1DC9A4ED19EBBCF21A43D54A7: URL形式エラー - ['記事IDがURLに含まれていません', '画像ファイル名を抽出できません']
[2025-07-20 21:39:46] 記事ID C525FAC1DC9A4ED19EBBCF21A43D54A7: URL形式エラー - ['記事IDがURLに含まれていません', '画像ファイル名を抽出できません']
[2025-07-20 21:39:46] 記事ID C525FAC1DC9A4ED19EBBCF21A43D54A7: URL形式エラー - ['記事IDがURLに含まれていません', '画像ファイル名を抽出できません']
[2025-07-20 21:39:46] 記事ID C525FAC1DC9A4ED19EBBCF21A43D54A7: URL形式エラー - ['記事IDがURLに含まれていません', '画像ファイル名を抽出できません']
[2025-07-20 21:39:46] 記事ID C525FAC1DC9A4ED19EBBCF21A43D54A7: URL形式エラー - ['記事IDがURLに含まれていません', '画像ファイル名を抽出できません']
[2025-07-20 21:39:46] 記事ID C525FAC1DC9A4ED19EBBCF21A43D54A7: URL形式エラー - ['記事IDがURLに含まれていません', '画像ファイル名を抽出できません']
[2025-07-20 21:39:46] 記事ID C525FAC1DC9A4ED19EBBCF21A43D54A7: URL形式エラー - ['記事IDがURLに含まれていません', '画像ファイル名を抽出できません']
[2025-07-20 21:39:46] 記事ID C525FAC1DC9A4ED19EBBCF21A43D54A7: URL形式エラー - ['記事IDがURLに含まれていません', '画像ファイル名を抽出できません']
[2025-07-20 21:39:46] 記事ID A20146A8E2594C109AF17A333FE6879C を検証中...
[2025-07-20 21:39:46] 記事ID A20146A8E2594C109AF17A333FE6879C: URL形式エラー - ['記事IDがURLに含まれていません']
[2025-07-20 21:39:46] 記事ID A20146A8E2594C109AF17A333FE6879C: URL形式エラー - ['記事IDがURLに含まれていません']
[2025-07-20 21:39:46] 記事ID E4FC55FF0984492685E193ECB1A8EABF を検証中...
[2025-07-20 21:39:46] 記事ID E4FC55FF0984492685E193ECB1A8EABF: URL形式エラー - ['記事IDがURLに含まれていません', '画像ファイル名を抽出できません']
[2025-07-20 21:39:46] 記事ID 2187ACB31A66453AA777F8A4A8B038DD を検証中...
[2025-07-20 21:39:46] 記事ID 2187ACB31A66453AA777F8A4A8B038DD: URL形式エラー - ['記事IDがURLに含まれていません']
[2025-07-20 21:39:46] 記事ID B6307F7585EE46928D3A91D903E653DA を検証中...
[2025-07-20 21:39:46] 記事ID B6307F7585EE46928D3A91D903E653DA: URL形式エラー - ['記事IDがURLに含まれていません', '画像ファイル名を抽出できません']
[2025-07-20 21:39:46] 記事ID B6307F7585EE46928D3A91D903E653DA: URL形式正常
[2025-07-20 21:39:46] 記事ID B6307F7585EE46928D3A91D903E653DA: URL形式正常
[2025-07-20 21:39:46] 記事ID 3576B2435A504E60AA45F6A57A6F033E を検証中...
[2025-07-20 21:39:46] 記事ID 3576B2435A504E60AA45F6A57A6F033E: URL形式エラー - ['記事IDがURLに含まれていません']
[2025-07-20 21:39:46] 記事ID D0801547C7B545DDA8B605047AC98D69 を検証中...
[2025-07-20 21:39:46] 記事ID D0801547C7B545DDA8B605047AC98D69: URL形式エラー - ['記事IDがURLに含まれていません']
[2025-07-20 21:39:46] 記事ID C1AAA807BCF54465860CDD19168E5499 を検証中...
[2025-07-20 21:39:46] 記事ID C1AAA807BCF54465860CDD19168E5499: URL形式エラー - ['記事IDがURLに含まれていません']
[2025-07-20 21:39:46] 記事ID C1AAA807BCF54465860CDD19168E5499: URL形式エラー - ['記事IDがURLに含まれていません']
[2025-07-20 21:39:46] 記事ID 30C24A39397F4649930E8CAA6A4A4611 を検証中...
[2025-07-20 21:39:46] 記事ID 30C24A39397F4649930E8CAA6A4A4611: URL形式エラー - ['記事IDがURLに含まれていません']
[2025-07-20 21:39:46] 記事ID 74FAEBF130504C41855A4151FAA6BF26 を検証中...
[2025-07-20 21:39:46] 記事ID 74FAEBF130504C41855A4151FAA6BF26: URL形式エラー - ['記事IDがURLに含まれていません', '画像ファイル名を抽出できません']
[2025-07-20 21:39:46] 記事ID AE3D58906B7E407E9E3BE6CBFD686B4A を検証中...
[2025-07-20 21:39:46] 記事ID AE3D58906B7E407E9E3BE6CBFD686B4A: URL形式エラー - ['記事IDがURLに含まれていません', '画像ファイル名を抽出できません']
[2025-07-20 21:39:46] 記事ID B46626201D8C40E59DD4D8932D32DD49 を検証中...
[2025-07-20 21:39:46] 記事ID B46626201D8C40E59DD4D8932D32DD49: URL形式エラー - ['記事IDがURLに含まれていません']
[2025-07-20 21:39:46] 記事ID B46626201D8C40E59DD4D8932D32DD49: URL形式正常
[2025-07-20 21:39:46] 記事ID B46626201D8C40E59DD4D8932D32DD49: URL形式正常
[2025-07-20 21:39:46] 記事ID B46626201D8C40E59DD4D8932D32DD49: URL形式正常
[2025-07-20 21:39:46] 記事ID B46626201D8C40E59DD4D8932D32DD49: URL形式正常
[2025-07-20 21:39:46] 記事ID B46626201D8C40E59DD4D8932D32DD49: URL形式正常
[2025-07-20 21:39:46] 記事ID 9133592A9C124D2E84500601CCAE40A6 を検証中...
[2025-07-20 21:39:46] 記事ID 9133592A9C124D2E84500601CCAE40A6: URL形式エラー - ['記事IDがURLに含まれていません']
[2025-07-20 21:39:46] 記事ID 9133592A9C124D2E84500601CCAE40A6: URL形式エラー - ['記事IDがURLに含まれていません']
[2025-07-20 21:39:46] 記事ID 57F9B1A017054D84840CA28AE6192238 を検証中...
[2025-07-20 21:39:46] 記事ID 57F9B1A017054D84840CA28AE6192238: URL形式エラー - ['記事IDがURLに含まれていません']
[2025-07-20 21:39:46] 記事ID 515D84A6379E4FB7884ABA6CAAFCB734 を検証中...
[2025-07-20 21:39:46] 記事ID 515D84A6379E4FB7884ABA6CAAFCB734: URL形式エラー - ['記事IDがURLに含まれていません']
[2025-07-20 21:39:46] 記事ID 515D84A6379E4FB7884ABA6CAAFCB734: URL形式エラー - ['記事IDがURLに含まれていません', '画像ファイル名を抽出できません']
[2025-07-20 21:39:46] 記事ID 515D84A6379E4FB7884ABA6CAAFCB734: URL形式エラー - ['記事IDがURLに含まれていません', '画像ファイル名を抽出できません']
[2025-07-20 21:39:46] 記事ID BACA8C00ADB34CAB9A788101FFEA9028 を検証中...
[2025-07-20 21:39:46] 記事ID BACA8C00ADB34CAB9A788101FFEA9028: URL形式エラー - ['記事IDがURLに含まれていません']
[2025-07-20 21:39:46] 記事ID 8C38E6462D9B4697890CFAFFD5E7049C を検証中...
[2025-07-20 21:39:46] 記事ID 8C38E6462D9B4697890CFAFFD5E7049C: URL形式エラー - ['記事IDがURLに含まれていません']
[2025-07-20 21:39:46] 記事ID 8C38E6462D9B4697890CFAFFD5E7049C: URL形式エラー - ['記事IDがURLに含まれていません', '画像ファイル名を抽出できません']
[2025-07-20 21:39:46] 記事ID 4A935F0880AA4CB48A884160046401F5 を検証中...
[2025-07-20 21:39:46] 記事ID 4A935F0880AA4CB48A884160046401F5: URL形式エラー - ['記事IDがURLに含まれていません', '画像ファイル名を抽出できません']
[2025-07-20 21:39:46] 記事ID 32F4C6CDFEF54E8A88EACC5F1B59767A を検証中...
[2025-07-20 21:39:46] 記事ID 32F4C6CDFEF54E8A88EACC5F1B59767A: URL形式エラー - ['記事IDがURLに含まれていません', '画像ファイル名を抽出できません']
[2025-07-20 21:39:46] 記事ID 32F4C6CDFEF54E8A88EACC5F1B59767A: URL形式エラー - ['記事IDがURLに含まれていません', '画像ファイル名を抽出できません']
[2025-07-20 21:39:46] 記事ID 32F4C6CDFEF54E8A88EACC5F1B59767A: URL形式エラー - ['記事IDがURLに含まれていません', '画像ファイル名を抽出できません']
[2025-07-20 21:39:46] 記事ID EA0AD9EF5C9B4EAAAA72B504A729C084 を検証中...
[2025-07-20 21:39:46] 記事ID EA0AD9EF5C9B4EAAAA72B504A729C084: URL形式エラー - ['記事IDがURLに含まれていません']
[2025-07-20 21:39:46] 記事ID 3D7EE764D1B34FE28ACF38B175848A1A を検証中...
[2025-07-20 21:39:46] 記事ID 3D7EE764D1B34FE28ACF38B175848A1A: URL形式エラー - ['記事IDがURLに含まれていません', '画像ファイル名を抽出できません']
[2025-07-20 21:39:46] 記事ID 3D7EE764D1B34FE28ACF38B175848A1A: URL形式エラー - ['画像ファイル名を抽出できません']
[2025-07-20 21:39:46] 記事ID 3D7EE764D1B34FE28ACF38B175848A1A: URL形式正常
[2025-07-20 21:39:46] 記事ID 3D7EE764D1B34FE28ACF38B175848A1A: URL形式エラー - ['画像ファイル名を抽出できません']
[2025-07-20 21:39:46] 記事ID 544B60CD7A854CE38C0D13A002864DF4 を検証中...
[2025-07-20 21:39:46] 記事ID 544B60CD7A854CE38C0D13A002864DF4: URL形式エラー - ['記事IDがURLに含まれていません', '画像ファイル名を抽出できません']
[2025-07-20 21:39:46] 記事ID 544B60CD7A854CE38C0D13A002864DF4: URL形式エラー - ['記事IDがURLに含まれていません']
[2025-07-20 21:39:46] 記事ID 544B60CD7A854CE38C0D13A002864DF4: URL形式エラー - ['記事IDがURLに含まれていません']
[2025-07-20 21:39:46] 記事ID D29657D4B18D46579EF3141AC45B371F を検証中...
[2025-07-20 21:39:46] 記事ID D29657D4B18D46579EF3141AC45B371F: URL形式エラー - ['記事IDがURLに含まれていません']
[2025-07-20 21:39:46] 記事ID D29657D4B18D46579EF3141AC45B371F: URL形式エラー - ['記事IDがURLに含まれていません']
[2025-07-20 21:39:46] 記事ID D29657D4B18D46579EF3141AC45B371F: URL形式エラー - ['記事IDがURLに含まれていません', '画像ファイル名を抽出できません']
[2025-07-20 21:39:46] 記事ID D29657D4B18D46579EF3141AC45B371F: URL形式エラー - ['記事IDがURLに含まれていません', '画像ファイル名を抽出できません']
[2025-07-20 21:39:46] 記事ID D29657D4B18D46579EF3141AC45B371F: URL形式エラー - ['記事IDがURLに含まれていません', '画像ファイル名を抽出できません']
[2025-07-20 21:39:46] 記事ID D29657D4B18D46579EF3141AC45B371F: URL形式エラー - ['記事IDがURLに含まれていません', '画像ファイル名を抽出できません']
[2025-07-20 21:39:46] 記事ID D29657D4B18D46579EF3141AC45B371F: URL形式エラー - ['記事IDがURLに含まれていません', '画像ファイル名を抽出できません']
[2025-07-20 21:39:46] 記事ID CB7C9652B299424E9CA6B88A63A63366 を検証中...
[2025-07-20 21:39:46] 記事ID CB7C9652B299424E9CA6B88A63A63366: URL形式エラー - ['記事IDがURLに含まれていません']
[2025-07-20 21:39:46] 記事ID 92C47E3F22534596A0344BAD6DCD804D を検証中...
[2025-07-20 21:39:46] 記事ID 92C47E3F22534596A0344BAD6DCD804D: URL形式エラー - ['記事IDがURLに含まれていません']
[2025-07-20 21:39:46] 記事ID 307426DC816743BDB04A1282686C9BD7 を検証中...
[2025-07-20 21:39:46] 記事ID 307426DC816743BDB04A1282686C9BD7: URL形式エラー - ['記事IDがURLに含まれていません']
[2025-07-20 21:39:46] 記事ID FF0385B63E924A3CA76FBDB00F39BE88 を検証中...
[2025-07-20 21:39:46] 記事ID FF0385B63E924A3CA76FBDB00F39BE88: URL形式エラー - ['記事IDがURLに含まれていません', '画像ファイル名を抽出できません']
[2025-07-20 21:39:46] 記事ID FF0385B63E924A3CA76FBDB00F39BE88: URL形式エラー - ['記事IDがURLに含まれていません', '画像ファイル名を抽出できません']
[2025-07-20 21:39:46] 記事ID FF0385B63E924A3CA76FBDB00F39BE88: URL形式エラー - ['記事IDがURLに含まれていません', '画像ファイル名を抽出できません']
[2025-07-20 21:39:46] 記事ID FF0385B63E924A3CA76FBDB00F39BE88: URL形式エラー - ['記事IDがURLに含まれていません']
[2025-07-20 21:39:46] 記事ID E3AF80AE320441CDBA93CD9DDF9C2F06 を検証中...
[2025-07-20 21:39:46] 記事ID E3AF80AE320441CDBA93CD9DDF9C2F06: URL形式エラー - ['記事IDがURLに含まれていません']
[2025-07-20 21:39:46] 記事ID 90108D693A7F4263B579A948167550D3 を検証中...
[2025-07-20 21:39:46] 記事ID 90108D693A7F4263B579A948167550D3: URL形式エラー - ['記事IDがURLに含まれていません']
[2025-07-20 21:39:46] 記事ID 6BF6D9A3CCBA4882B1B904587851C646 を検証中...
[2025-07-20 21:39:46] 記事ID 6BF6D9A3CCBA4882B1B904587851C646: URL形式エラー - ['記事IDがURLに含まれていません']
[2025-07-20 21:39:46] 記事ID 4D3D663633B7451FB27DD01FF869F402 を検証中...
[2025-07-20 21:39:46] 記事ID 4D3D663633B7451FB27DD01FF869F402: URL形式エラー - ['記事IDがURLに含まれていません']
[2025-07-20 21:39:46] 記事ID 1C42E90E0C504A6EAC70A8D49611016D を検証中...
[2025-07-20 21:39:46] 記事ID 1C42E90E0C504A6EAC70A8D49611016D: URL形式エラー - ['記事IDがURLに含まれていません']
[2025-07-20 21:39:46] 記事ID 56040C601B894832881630D7B29B9330 を検証中...
[2025-07-20 21:39:46] 記事ID 56040C601B894832881630D7B29B9330: URL形式エラー - ['記事IDがURLに含まれていません']
[2025-07-20 21:39:46] 記事ID 8D063055EC2B452A8ACFE459AD13CAC5 を検証中...
[2025-07-20 21:39:46] 記事ID 8D063055EC2B452A8ACFE459AD13CAC5: URL形式エラー - ['記事IDがURLに含まれていません']
[2025-07-20 21:39:46] 記事ID 8D063055EC2B452A8ACFE459AD13CAC5: URL形式エラー - ['記事IDがURLに含まれていません']
[2025-07-20 21:39:46] 記事ID 6C648864A4154ADB9DB6F4178EDA63BA を検証中...
[2025-07-20 21:39:46] 記事ID 6C648864A4154ADB9DB6F4178EDA63BA: URL形式エラー - ['記事IDがURLに含まれていません', '画像ファイル名を抽出できません']
[2025-07-20 21:39:46] 記事ID 49639447093049D4BF9054F1510962E6 を検証中...
[2025-07-20 21:39:46] 記事ID 49639447093049D4BF9054F1510962E6: URL形式エラー - ['記事IDがURLに含まれていません', '画像ファイル名を抽出できません']
[2025-07-20 21:39:46] 記事ID 49639447093049D4BF9054F1510962E6: URL形式エラー - ['記事IDがURLに含まれていません', '画像ファイル名を抽出できません']
[2025-07-20 21:39:46] 記事ID 49639447093049D4BF9054F1510962E6: URL形式エラー - ['記事IDがURLに含まれていません', '画像ファイル名を抽出できません']
[2025-07-20 21:39:46] 記事ID 49639447093049D4BF9054F1510962E6: URL形式エラー - ['記事IDがURLに含まれていません', '画像ファイル名を抽出できません']
[2025-07-20 21:39:46] 記事ID 49639447093049D4BF9054F1510962E6: URL形式エラー - ['記事IDがURLに含まれていません', '画像ファイル名を抽出できません']
[2025-07-20 21:39:46] 記事ID 49639447093049D4BF9054F1510962E6: URL形式エラー - ['記事IDがURLに含まれていません', '画像ファイル名を抽出できません']
[2025-07-20 21:39:46] 記事ID 49639447093049D4BF9054F1510962E6: URL形式エラー - ['記事IDがURLに含まれていません', '画像ファイル名を抽出できません']
[2025-07-20 21:39:46] 記事ID 49639447093049D4BF9054F1510962E6: URL形式エラー - ['記事IDがURLに含まれていません', '画像ファイル名を抽出できません']
[2025-07-20 21:39:46] 記事ID 49639447093049D4BF9054F1510962E6: URL形式エラー - ['記事IDがURLに含まれていません', '画像ファイル名を抽出できません']
[2025-07-20 21:39:46] 記事ID 49639447093049D4BF9054F1510962E6: URL形式エラー - ['記事IDがURLに含まれていません', '画像ファイル名を抽出できません']
[2025-07-20 21:39:46] 記事ID 49639447093049D4BF9054F1510962E6: URL形式エラー - ['記事IDがURLに含まれていません', '画像ファイル名を抽出できません']
[2025-07-20 21:39:46] 記事ID 49639447093049D4BF9054F1510962E6: URL形式エラー - ['記事IDがURLに含まれていません', '画像ファイル名を抽出できません']
[2025-07-20 21:39:46] 記事ID 49639447093049D4BF9054F1510962E6: URL形式エラー - ['記事IDがURLに含まれていません', '画像ファイル名を抽出できません']
[2025-07-20 21:39:46] 記事ID 49639447093049D4BF9054F1510962E6: URL形式エラー - ['記事IDがURLに含まれていません', '画像ファイル名を抽出できません']
[2025-07-20 21:39:46] 記事ID 49639447093049D4BF9054F1510962E6: URL形式エラー - ['記事IDがURLに含まれていません', '画像ファイル名を抽出できません']
[2025-07-20 21:39:46] 記事ID 49639447093049D4BF9054F1510962E6: URL形式エラー - ['記事IDがURLに含まれていません', '画像ファイル名を抽出できません']
[2025-07-20 21:39:46] 記事ID 49639447093049D4BF9054F1510962E6: URL形式エラー - ['記事IDがURLに含まれていません', '画像ファイル名を抽出できません']
[2025-07-20 21:39:46] 記事ID 49639447093049D4BF9054F1510962E6: URL形式エラー - ['記事IDがURLに含まれていません', '画像ファイル名を抽出できません']
[2025-07-20 21:39:46] 記事ID 49639447093049D4BF9054F1510962E6: URL形式エラー - ['記事IDがURLに含まれていません', '画像ファイル名を抽出できません']
[2025-07-20 21:39:46] 記事ID 49639447093049D4BF9054F1510962E6: URL形式エラー - ['記事IDがURLに含まれていません', '画像ファイル名を抽出できません']
[2025-07-20 21:39:46] 記事ID 49639447093049D4BF9054F1510962E6: URL形式エラー - ['記事IDがURLに含まれていません', '画像ファイル名を抽出できません']
[2025-07-20 21:39:46] 記事ID 49639447093049D4BF9054F1510962E6: URL形式エラー - ['記事IDがURLに含まれていません', '画像ファイル名を抽出できません']
[2025-07-20 21:39:46] 記事ID 49639447093049D4BF9054F1510962E6: URL形式エラー - ['記事IDがURLに含まれていません', '画像ファイル名を抽出できません']
[2025-07-20 21:39:46] 記事ID 49639447093049D4BF9054F1510962E6: URL形式エラー - ['記事IDがURLに含まれていません', '画像ファイル名を抽出できません']
[2025-07-20 21:39:46] 記事ID 49639447093049D4BF9054F1510962E6: URL形式エラー - ['記事IDがURLに含まれていません', '画像ファイル名を抽出できません']
[2025-07-20 21:39:46] 記事ID 49639447093049D4BF9054F1510962E6: URL形式エラー - ['記事IDがURLに含まれていません', '画像ファイル名を抽出できません']
[2025-07-20 21:39:46] 記事ID 49639447093049D4BF9054F1510962E6: URL形式エラー - ['記事IDがURLに含まれていません', '画像ファイル名を抽出できません']
[2025-07-20 21:39:46] 記事ID 49639447093049D4BF9054F1510962E6: URL形式エラー - ['記事IDがURLに含まれていません', '画像ファイル名を抽出できません']
[2025-07-20 21:39:46] 記事ID 49639447093049D4BF9054F1510962E6: URL形式エラー - ['記事IDがURLに含まれていません', '画像ファイル名を抽出できません']
[2025-07-20 21:39:46] 記事ID 49639447093049D4BF9054F1510962E6: URL形式エラー - ['記事IDがURLに含まれていません', '画像ファイル名を抽出できません']
[2025-07-20 21:39:46] 記事ID 49639447093049D4BF9054F1510962E6: URL形式エラー - ['記事IDがURLに含まれていません', '画像ファイル名を抽出できません']
[2025-07-20 21:39:46] 記事ID 49639447093049D4BF9054F1510962E6: URL形式エラー - ['記事IDがURLに含まれていません', '画像ファイル名を抽出できません']
[2025-07-20 21:39:46] 記事ID 49639447093049D4BF9054F1510962E6: URL形式エラー - ['記事IDがURLに含まれていません', '画像ファイル名を抽出できません']
[2025-07-20 21:39:46] 記事ID 49639447093049D4BF9054F1510962E6: URL形式エラー - ['記事IDがURLに含まれていません', '画像ファイル名を抽出できません']
[2025-07-20 21:39:46] 記事ID 49639447093049D4BF9054F1510962E6: URL形式エラー - ['記事IDがURLに含まれていません', '画像ファイル名を抽出できません']
[2025-07-20 21:39:46] 記事ID 49639447093049D4BF9054F1510962E6: URL形式エラー - ['記事IDがURLに含まれていません', '画像ファイル名を抽出できません']
[2025-07-20 21:39:46] 記事ID 49639447093049D4BF9054F1510962E6: URL形式エラー - ['記事IDがURLに含まれていません', '画像ファイル名を抽出できません']
[2025-07-20 21:39:46] 記事ID 49639447093049D4BF9054F1510962E6: URL形式エラー - ['記事IDがURLに含まれていません', '画像ファイル名を抽出できません']
[2025-07-20 21:39:46] 記事ID 49639447093049D4BF9054F1510962E6: URL形式エラー - ['記事IDがURLに含まれていません', '画像ファイル名を抽出できません']
[2025-07-20 21:39:46] 記事ID 49639447093049D4BF9054F1510962E6: URL形式エラー - ['記事IDがURLに含まれていません', '画像ファイル名を抽出できません']
[2025-07-20 21:39:46] 記事ID 49639447093049D4BF9054F1510962E6: URL形式エラー - ['記事IDがURLに含まれていません', '画像ファイル名を抽出できません']
[2025-07-20 21:39:46] 記事ID 49639447093049D4BF9054F1510962E6: URL形式エラー - ['記事IDがURLに含まれていません', '画像ファイル名を抽出できません']
[2025-07-20 21:39:46] 記事ID 49639447093049D4BF9054F1510962E6: URL形式エラー - ['記事IDがURLに含まれていません', '画像ファイル名を抽出できません']
[2025-07-20 21:39:46] 記事ID 49639447093049D4BF9054F1510962E6: URL形式エラー - ['記事IDがURLに含まれていません', '画像ファイル名を抽出できません']
[2025-07-20 21:39:46] 記事ID 214BFC9E3C664A79B75E584E7AEEB700 を検証中...
[2025-07-20 21:39:46] 記事ID 214BFC9E3C664A79B75E584E7AEEB700: URL形式エラー - ['記事IDがURLに含まれていません', '画像ファイル名を抽出できません']
[2025-07-20 21:39:46] 記事ID D471FB66DD4D4BBFB9F7D8E20EC0442C を検証中...
[2025-07-20 21:39:46] 記事ID D471FB66DD4D4BBFB9F7D8E20EC0442C: URL形式エラー - ['記事IDがURLに含まれていません']
[2025-07-20 21:39:46] 記事ID 8BF98B8F7F66497B998DC426D970A10C を検証中...
[2025-07-20 21:39:46] 記事ID 8BF98B8F7F66497B998DC426D970A10C: URL形式エラー - ['記事IDがURLに含まれていません']
[2025-07-20 21:39:46] 記事ID 8BF98B8F7F66497B998DC426D970A10C: URL形式エラー - ['記事IDがURLに含まれていません', '画像ファイル名を抽出できません']
[2025-07-20 21:39:46] 記事ID 8BF98B8F7F66497B998DC426D970A10C: URL形式エラー - ['記事IDがURLに含まれていません', '画像ファイル名を抽出できません']
[2025-07-20 21:39:46] 記事ID 8BF98B8F7F66497B998DC426D970A10C: URL形式エラー - ['記事IDがURLに含まれていません']
[2025-07-20 21:39:46] 記事ID 8BF98B8F7F66497B998DC426D970A10C: URL形式エラー - ['記事IDがURLに含まれていません']
[2025-07-20 21:39:46] 記事ID 8BF98B8F7F66497B998DC426D970A10C: URL形式エラー - ['記事IDがURLに含まれていません', '画像ファイル名を抽出できません']
[2025-07-20 21:39:46] 記事ID 8BF98B8F7F66497B998DC426D970A10C: URL形式エラー - ['記事IDがURLに含まれていません', '画像ファイル名を抽出できません']
[2025-07-20 21:39:46] 記事ID 209E8F2552914EB2A62EA43BC299205D を検証中...
[2025-07-20 21:39:46] 記事ID 209E8F2552914EB2A62EA43BC299205D: URL形式エラー - ['記事IDがURLに含まれていません']
[2025-07-20 21:39:46] 記事ID 209E8F2552914EB2A62EA43BC299205D: URL形式エラー - ['記事IDがURLに含まれていません']
[2025-07-20 21:39:46] 記事ID 5B5265720F714AB590C26B53FACE7C68 を検証中...
[2025-07-20 21:39:46] 記事ID 5B5265720F714AB590C26B53FACE7C68: URL形式エラー - ['記事IDがURLに含まれていません', '画像ファイル名を抽出できません']
[2025-07-20 21:39:46] 記事ID 5B5265720F714AB590C26B53FACE7C68: URL形式エラー - ['記事IDがURLに含まれていません', '画像ファイル名を抽出できません']
[2025-07-20 21:39:46] 記事ID 5B5265720F714AB590C26B53FACE7C68: URL形式エラー - ['記事IDがURLに含まれていません', '画像ファイル名を抽出できません']
[2025-07-20 21:39:46] 記事ID 5B5265720F714AB590C26B53FACE7C68: URL形式エラー - ['記事IDがURLに含まれていません', '画像ファイル名を抽出できません']
[2025-07-20 21:39:46] 記事ID 5B5265720F714AB590C26B53FACE7C68: URL形式エラー - ['記事IDがURLに含まれていません', '画像ファイル名を抽出できません']
[2025-07-20 21:39:46] 記事ID 5B5265720F714AB590C26B53FACE7C68: URL形式エラー - ['記事IDがURLに含まれていません', '画像ファイル名を抽出できません']
[2025-07-20 21:39:46] 記事ID 5B5265720F714AB590C26B53FACE7C68: URL形式エラー - ['記事IDがURLに含まれていません', '画像ファイル名を抽出できません']
[2025-07-20 21:39:46] 記事ID 5B5265720F714AB590C26B53FACE7C68: URL形式エラー - ['記事IDがURLに含まれていません']
[2025-07-20 21:39:46] 記事ID 5B5265720F714AB590C26B53FACE7C68: URL形式エラー - ['記事IDがURLに含まれていません']
[2025-07-20 21:39:46] 記事ID EC7E099AD3454D83855E87C8AE3342F8 を検証中...
[2025-07-20 21:39:46] 記事ID EC7E099AD3454D83855E87C8AE3342F8: URL形式エラー - ['記事IDがURLに含まれていません', '画像ファイル名を抽出できません']
[2025-07-20 21:39:46] 記事ID A9A264420AFA4AF88123C5FF139C22D0 を検証中...
[2025-07-20 21:39:46] 記事ID A9A264420AFA4AF88123C5FF139C22D0: URL形式エラー - ['記事IDがURLに含まれていません', '画像ファイル名を抽出できません']
[2025-07-20 21:39:46] 記事ID A9A264420AFA4AF88123C5FF139C22D0: URL形式エラー - ['記事IDがURLに含まれていません', '画像ファイル名を抽出できません']
[2025-07-20 21:39:46] 記事ID A9A264420AFA4AF88123C5FF139C22D0: URL形式エラー - ['記事IDがURLに含まれていません', '画像ファイル名を抽出できません']
[2025-07-20 21:39:46] 記事ID B361E325C9DB495C86CBA88D9EDFF71E を検証中...
[2025-07-20 21:39:46] 記事ID B361E325C9DB495C86CBA88D9EDFF71E: URL形式エラー - ['記事IDがURLに含まれていません', '画像ファイル名を抽出できません']
[2025-07-20 21:39:46] 記事ID B361E325C9DB495C86CBA88D9EDFF71E: URL形式エラー - ['記事IDがURLに含まれていません', '画像ファイル名を抽出できません']
[2025-07-20 21:39:46] 記事ID B361E325C9DB495C86CBA88D9EDFF71E: URL形式エラー - ['記事IDがURLに含まれていません']
[2025-07-20 21:39:46] 記事ID B361E325C9DB495C86CBA88D9EDFF71E: URL形式エラー - ['記事IDがURLに含まれていません', '画像ファイル名を抽出できません']
[2025-07-20 21:39:46] 記事ID B361E325C9DB495C86CBA88D9EDFF71E: URL形式エラー - ['記事IDがURLに含まれていません', '画像ファイル名を抽出できません']
[2025-07-20 21:39:46] 記事ID B361E325C9DB495C86CBA88D9EDFF71E: URL形式エラー - ['記事IDがURLに含まれていません', '画像ファイル名を抽出できません']
[2025-07-20 21:39:46] 記事ID B361E325C9DB495C86CBA88D9EDFF71E: URL形式エラー - ['記事IDがURLに含まれていません', '画像ファイル名を抽出できません']
[2025-07-20 21:39:46] 記事ID B361E325C9DB495C86CBA88D9EDFF71E: URL形式エラー - ['記事IDがURLに含まれていません', '画像ファイル名を抽出できません']
[2025-07-20 21:39:46] 記事ID B361E325C9DB495C86CBA88D9EDFF71E: URL形式エラー - ['記事IDがURLに含まれていません', '画像ファイル名を抽出できません']
[2025-07-20 21:39:46] 記事ID D939CEFD3B7E484187C7F478BA58BC12 を検証中...
[2025-07-20 21:39:46] 記事ID D939CEFD3B7E484187C7F478BA58BC12: URL形式エラー - ['記事IDがURLに含まれていません']
[2025-07-20 21:39:46] 記事ID D26DA7036001441F859AD19A07152CCF を検証中...
[2025-07-20 21:39:46] 記事ID D26DA7036001441F859AD19A07152CCF: URL形式エラー - ['記事IDがURLに含まれていません']
[2025-07-20 21:39:46] 記事ID 18B998C8848442319D4EF73E9FAB513D を検証中...
[2025-07-20 21:39:46] 記事ID 18B998C8848442319D4EF73E9FAB513D: URL形式エラー - ['記事IDがURLに含まれていません']
[2025-07-20 21:39:46] 記事ID A869E459E13D4D70B214BAFECCF95001 を検証中...
[2025-07-20 21:39:46] 記事ID A869E459E13D4D70B214BAFECCF95001: URL形式エラー - ['記事IDがURLに含まれていません']
[2025-07-20 21:39:46] 記事ID A869E459E13D4D70B214BAFECCF95001: URL形式エラー - ['記事IDがURLに含まれていません']
[2025-07-20 21:39:46] 記事ID A869E459E13D4D70B214BAFECCF95001: URL形式エラー - ['記事IDがURLに含まれていません']
[2025-07-20 21:39:46] 記事ID 9D3766A7B0AB49C3AD9B14F94F4144AE を検証中...
[2025-07-20 21:39:46] 記事ID 9D3766A7B0AB49C3AD9B14F94F4144AE: URL形式エラー - ['記事IDがURLに含まれていません']
[2025-07-20 21:39:46] 記事ID FD684005FE2443A2AB05401F5FD48F8F を検証中...
[2025-07-20 21:39:46] 記事ID FD684005FE2443A2AB05401F5FD48F8F: URL形式エラー - ['記事IDがURLに含まれていません']
[2025-07-20 21:39:46] 記事ID FD684005FE2443A2AB05401F5FD48F8F: URL形式エラー - ['記事IDがURLに含まれていません']
[2025-07-20 21:39:46] 記事ID FD684005FE2443A2AB05401F5FD48F8F: URL形式エラー - ['記事IDがURLに含まれていません']
[2025-07-20 21:39:46] 記事ID FD684005FE2443A2AB05401F5FD48F8F: URL形式エラー - ['記事IDがURLに含まれていません']
[2025-07-20 21:39:46] 記事ID 6314CC815A4A4AAFB0CB9D6BE8017665 を検証中...
[2025-07-20 21:39:46] 記事ID 6314CC815A4A4AAFB0CB9D6BE8017665: URL形式エラー - ['記事IDがURLに含まれていません', '画像ファイル名を抽出できません']
[2025-07-20 21:39:46] 記事ID 6314CC815A4A4AAFB0CB9D6BE8017665: URL形式エラー - ['記事IDがURLに含まれていません']
[2025-07-20 21:39:46] 記事ID 6314CC815A4A4AAFB0CB9D6BE8017665: URL形式エラー - ['記事IDがURLに含まれていません', '画像ファイル名を抽出できません']
[2025-07-20 21:39:46] 記事ID 56D4C6A1EF4E4271AAEF0270F89E246E を検証中...
[2025-07-20 21:39:46] 記事ID 56D4C6A1EF4E4271AAEF0270F89E246E: URL形式エラー - ['記事IDがURLに含まれていません']
[2025-07-20 21:39:46] 記事ID DAD74F76145D44AE96B02354DCEB3CC3 を検証中...
[2025-07-20 21:39:46] 記事ID DAD74F76145D44AE96B02354DCEB3CC3: URL形式エラー - ['記事IDがURLに含まれていません']
[2025-07-20 21:39:46] 記事ID DAD74F76145D44AE96B02354DCEB3CC3: URL形式エラー - ['記事IDがURLに含まれていません']
[2025-07-20 21:39:46] 記事ID 4363FA5BA02040BBAA417794F5D949B8 を検証中...
[2025-07-20 21:39:46] 記事ID 4363FA5BA02040BBAA417794F5D949B8: URL形式エラー - ['記事IDがURLに含まれていません', '画像ファイル名を抽出できません']
[2025-07-20 21:39:46] 記事ID 4363FA5BA02040BBAA417794F5D949B8: URL形式エラー - ['記事IDがURLに含まれていません', '画像ファイル名を抽出できません']
[2025-07-20 21:39:46] 記事ID 4363FA5BA02040BBAA417794F5D949B8: URL形式正常
[2025-07-20 21:39:46] 記事ID 4363FA5BA02040BBAA417794F5D949B8: URL形式エラー - ['記事IDがURLに含まれていません', '画像ファイル名を抽出できません']
[2025-07-20 21:39:46] 記事ID D7941DC10F294D2EBF3EBC7295CC1930 を検証中...
[2025-07-20 21:39:46] 記事ID D7941DC10F294D2EBF3EBC7295CC1930: URL形式エラー - ['記事IDがURLに含まれていません', '画像ファイル名を抽出できません']
[2025-07-20 21:39:46] 記事ID 749E57C190984639B35F1230883FBCB7 を検証中...
[2025-07-20 21:39:46] 記事ID 749E57C190984639B35F1230883FBCB7: URL形式エラー - ['記事IDがURLに含まれていません', '画像ファイル名を抽出できません']
[2025-07-20 21:39:46] 記事ID 749E57C190984639B35F1230883FBCB7: URL形式エラー - ['記事IDがURLに含まれていません', '画像ファイル名を抽出できません']
[2025-07-20 21:39:46] 記事ID 749E57C190984639B35F1230883FBCB7: URL形式エラー - ['記事IDがURLに含まれていません', '画像ファイル名を抽出できません']
[2025-07-20 21:39:46] 記事ID AED949C3491D4D2BBCE67D5DA3528CD0 を検証中...
[2025-07-20 21:39:46] 記事ID AED949C3491D4D2BBCE67D5DA3528CD0: URL形式エラー - ['記事IDがURLに含まれていません']
[2025-07-20 21:39:46] 記事ID E78EA384C3634DC09FFFC114605F1F99 を検証中...
[2025-07-20 21:39:46] 記事ID E78EA384C3634DC09FFFC114605F1F99: URL形式エラー - ['記事IDがURLに含まれていません']
[2025-07-20 21:39:46] 記事ID 9E49955C47254D4E9578EF2A1CAA5FE0 を検証中...
[2025-07-20 21:39:46] 記事ID 9E49955C47254D4E9578EF2A1CAA5FE0: URL形式エラー - ['記事IDがURLに含まれていません']
[2025-07-20 21:39:46] 記事ID 9E49955C47254D4E9578EF2A1CAA5FE0: URL形式エラー - ['記事IDがURLに含まれていません']
[2025-07-20 21:39:46] 記事ID 9E49955C47254D4E9578EF2A1CAA5FE0: URL形式エラー - ['記事IDがURLに含まれていません']
[2025-07-20 21:39:46] 記事ID 445F89785B3240348200FCE84C6B59D7 を検証中...
[2025-07-20 21:39:46] 記事ID 445F89785B3240348200FCE84C6B59D7: URL形式エラー - ['記事IDがURLに含まれていません', '画像ファイル名を抽出できません']
[2025-07-20 21:39:46] 記事ID 445F89785B3240348200FCE84C6B59D7: URL形式エラー - ['記事IDがURLに含まれていません']
[2025-07-20 21:39:46] 記事ID 61C4C9C869AC43108DCAB5A22FE60067 を検証中...
[2025-07-20 21:39:46] 記事ID 61C4C9C869AC43108DCAB5A22FE60067: URL形式エラー - ['記事IDがURLに含まれていません']
[2025-07-20 21:39:46] 記事ID 61C4C9C869AC43108DCAB5A22FE60067: URL形式エラー - ['記事IDがURLに含まれていません']
[2025-07-20 21:39:46] 記事ID 61C4C9C869AC43108DCAB5A22FE60067: URL形式エラー - ['記事IDがURLに含まれていません']
[2025-07-20 21:39:46] 記事ID 5535D8D52C4D456082B324C0D29D1DC3 を検証中...
[2025-07-20 21:39:46] 記事ID 5535D8D52C4D456082B324C0D29D1DC3: URL形式エラー - ['記事IDがURLに含まれていません', '画像ファイル名を抽出できません']
[2025-07-20 21:39:46] 記事ID 5535D8D52C4D456082B324C0D29D1DC3: URL形式エラー - ['記事IDがURLに含まれていません']
[2025-07-20 21:39:46] 記事ID 73006CF054904BB5B75B4CF030C66F76 を検証中...
[2025-07-20 21:39:46] 記事ID 73006CF054904BB5B75B4CF030C66F76: URL形式エラー - ['記事IDがURLに含まれていません', '画像ファイル名を抽出できません']
[2025-07-20 21:39:46] 記事ID 73006CF054904BB5B75B4CF030C66F76: URL形式エラー - ['記事IDがURLに含まれていません', '画像ファイル名を抽出できません']
[2025-07-20 21:39:46] 記事ID 73006CF054904BB5B75B4CF030C66F76: URL形式エラー - ['記事IDがURLに含まれていません', '画像ファイル名を抽出できません']
[2025-07-20 21:39:46] 記事ID 73006CF054904BB5B75B4CF030C66F76: URL形式エラー - ['記事IDがURLに含まれていません', '画像ファイル名を抽出できません']
[2025-07-20 21:39:46] 記事ID 706F8710347347A5905519FC8481E53D を検証中...
[2025-07-20 21:39:46] 記事ID 706F8710347347A5905519FC8481E53D: URL形式エラー - ['記事IDがURLに含まれていません', '画像ファイル名を抽出できません']
[2025-07-20 21:39:46] 記事ID 706F8710347347A5905519FC8481E53D: URL形式エラー - ['記事IDがURLに含まれていません', '画像ファイル名を抽出できません']
[2025-07-20 21:39:46] 記事ID FAA8C0E44DF14D0EB902CBD2386F6392 を検証中...
[2025-07-20 21:39:46] 記事ID FAA8C0E44DF14D0EB902CBD2386F6392: URL形式エラー - ['記事IDがURLに含まれていません', '画像ファイル名を抽出できません']
[2025-07-20 21:39:46] 記事ID 80F38C776D7F4A7E9230ED4A96A463D8 を検証中...
[2025-07-20 21:39:46] 記事ID 80F38C776D7F4A7E9230ED4A96A463D8: URL形式エラー - ['記事IDがURLに含まれていません']
[2025-07-20 21:39:46] 記事ID 80F38C776D7F4A7E9230ED4A96A463D8: URL形式エラー - ['記事IDがURLに含まれていません']
[2025-07-20 21:39:46] 記事ID 80F38C776D7F4A7E9230ED4A96A463D8: URL形式エラー - ['記事IDがURLに含まれていません']
[2025-07-20 21:39:46] 記事ID 80F38C776D7F4A7E9230ED4A96A463D8: URL形式エラー - ['記事IDがURLに含まれていません']
[2025-07-20 21:39:46] 記事ID 80F38C776D7F4A7E9230ED4A96A463D8: URL形式エラー - ['記事IDがURLに含まれていません']
[2025-07-20 21:39:46] 記事ID 80F38C776D7F4A7E9230ED4A96A463D8: URL形式エラー - ['記事IDがURLに含まれていません']
[2025-07-20 21:39:46] 記事ID 80F38C776D7F4A7E9230ED4A96A463D8: URL形式エラー - ['記事IDがURLに含まれていません']
[2025-07-20 21:39:46] 記事ID C6DA77D136594B43B1D0AEF1D64C1A11 を検証中...
[2025-07-20 21:39:46] 記事ID C6DA77D136594B43B1D0AEF1D64C1A11: URL形式エラー - ['記事IDがURLに含まれていません']
[2025-07-20 21:39:46] 記事ID C6DA77D136594B43B1D0AEF1D64C1A11: URL形式エラー - ['記事IDがURLに含まれていません', '画像ファイル名を抽出できません']
[2025-07-20 21:39:46] 記事ID C6DA77D136594B43B1D0AEF1D64C1A11: URL形式エラー - ['記事IDがURLに含まれていません', '画像ファイル名を抽出できません']
[2025-07-20 21:39:46] 記事ID 0852FC6E7CA0444A85F015A9ABDF8C86 を検証中...
[2025-07-20 21:39:46] 記事ID 0852FC6E7CA0444A85F015A9ABDF8C86: URL形式正常
[2025-07-20 21:39:46] 記事ID EC4ACF9128FA44E3897B1CF4235D60F3 を検証中...
[2025-07-20 21:39:46] 記事ID EC4ACF9128FA44E3897B1CF4235D60F3: URL形式エラー - ['記事IDがURLに含まれていません']
[2025-07-20 21:39:46] 記事ID EC4ACF9128FA44E3897B1CF4235D60F3: URL形式エラー - ['記事IDがURLに含まれていません']
[2025-07-20 21:39:46] 記事ID EC4ACF9128FA44E3897B1CF4235D60F3: URL形式エラー - ['記事IDがURLに含まれていません', '画像ファイル名を抽出できません']
[2025-07-20 21:39:46] 記事ID EC4ACF9128FA44E3897B1CF4235D60F3: URL形式エラー - ['記事IDがURLに含まれていません', '画像ファイル名を抽出できません']
[2025-07-20 21:39:46] 記事ID D3CC5FA3F9114C83A0297E2F07C26823 を検証中...
[2025-07-20 21:39:46] 記事ID D3CC5FA3F9114C83A0297E2F07C26823: URL形式エラー - ['記事IDがURLに含まれていません', '画像ファイル名を抽出できません']
[2025-07-20 21:39:46] 記事ID 1AD9A48252704288B2D2BBFD00B7C518 を検証中...
[2025-07-20 21:39:46] 記事ID 1AD9A48252704288B2D2BBFD00B7C518: URL形式エラー - ['記事IDがURLに含まれていません', '画像ファイル名を抽出できません']
[2025-07-20 21:39:46] 記事ID 6FAE19AE84FE480C9040D94CCE106180 を検証中...
[2025-07-20 21:39:46] 記事ID 6FAE19AE84FE480C9040D94CCE106180: URL形式エラー - ['記事IDがURLに含まれていません']
[2025-07-20 21:39:46] 記事ID F75660FD4B4046D98D72FC531856C053 を検証中...
[2025-07-20 21:39:46] 記事ID F75660FD4B4046D98D72FC531856C053: URL形式エラー - ['記事IDがURLに含まれていません']
[2025-07-20 21:39:46] 記事ID 5D85E09478A2459B8E1AA2127A9110AC を検証中...
[2025-07-20 21:39:46] 記事ID 5D85E09478A2459B8E1AA2127A9110AC: URL形式エラー - ['記事IDがURLに含まれていません']
[2025-07-20 21:39:46] 記事ID 5D85E09478A2459B8E1AA2127A9110AC: URL形式エラー - ['記事IDがURLに含まれていません', '画像ファイル名を抽出できません']
[2025-07-20 21:39:46] 記事ID 5D85E09478A2459B8E1AA2127A9110AC: URL形式エラー - ['記事IDがURLに含まれていません']
[2025-07-20 21:39:46] 記事ID 3AF5A8F273974D2AA4A0B9B708E657A5 を検証中...
[2025-07-20 21:39:46] 記事ID 3AF5A8F273974D2AA4A0B9B708E657A5: URL形式エラー - ['記事IDがURLに含まれていません']
[2025-07-20 21:39:46] 記事ID 96D0FECA77F8471B9817AEF5F9543CA6 を検証中...
[2025-07-20 21:39:46] 記事ID 96D0FECA77F8471B9817AEF5F9543CA6: URL形式エラー - ['記事IDがURLに含まれていません']
[2025-07-20 21:39:46] 全記事の画像URL検証完了
[2025-07-20 21:39:46] 画像URL修正を開始
[2025-07-20 21:39:46] バックアップ作成完了: scripts/backup/posts_backup_20250720_213946
[2025-07-20 21:39:46] 修正対象URL数: 280
[2025-07-20 21:39:46] 記事ID 8E01793825904B5FA5C81D0FD6E040B2: URL修正完了
[2025-07-20 21:39:46] 記事ID 363674979910439B94DB04A4017D13C6: URL修正完了
[2025-07-20 21:39:46] 記事ID 363674979910439B94DB04A4017D13C6: 正しいURLを生成できませんでした
[2025-07-20 21:39:46] 記事ID B537AD1EBE2C4427A1326B2DD849C3ED: URL修正完了
[2025-07-20 21:39:46] 記事ID B537AD1EBE2C4427A1326B2DD849C3ED: URL修正完了
[2025-07-20 21:39:46] 記事ID B537AD1EBE2C4427A1326B2DD849C3ED: URL修正完了
[2025-07-20 21:39:46] 記事ID 1E82533E6E694DF4A6B5C7E065721BCA: URL修正完了
[2025-07-20 21:39:46] 記事ID 70D9E248389A445C81B73C4696B5D061: URL修正完了
[2025-07-20 21:39:46] 記事ID BF21D389298E4E969D966A4FA4ABD488: URL修正完了
[2025-07-20 21:39:46] 記事ID F87038ADD293450C87384D4111547D55: URL修正完了
[2025-07-20 21:39:46] 記事ID F87038ADD293450C87384D4111547D55: URL修正完了
[2025-07-20 21:39:46] 記事ID F87038ADD293450C87384D4111547D55: URL修正完了
[2025-07-20 21:39:46] 記事ID F87038ADD293450C87384D4111547D55: URL修正完了
[2025-07-20 21:39:46] 記事ID F87038ADD293450C87384D4111547D55: URL修正完了
[2025-07-20 21:39:46] 記事ID F87038ADD293450C87384D4111547D55: URL修正完了
[2025-07-20 21:39:46] 記事ID D5608077B80342278424D423AEB5C99D: URL修正完了
[2025-07-20 21:39:46] 記事ID 2693D32C2D684C1FA68AA4C7956500CC: 正しいURLを生成できませんでした
[2025-07-20 21:39:46] 記事ID C13686E5C2DA46F6BBA558595BCA564B: 正しいURLを生成できませんでした
[2025-07-20 21:39:46] 記事ID C13686E5C2DA46F6BBA558595BCA564B: 正しいURLを生成できませんでした
[2025-07-20 21:39:46] 記事ID C13686E5C2DA46F6BBA558595BCA564B: 正しいURLを生成できませんでした
[2025-07-20 21:39:46] 記事ID C13686E5C2DA46F6BBA558595BCA564B: 正しいURLを生成できませんでした
[2025-07-20 21:39:46] 記事ID 9BAE75737B6E4A7CB3BD8A81F1B9E37A: 正しいURLを生成できませんでした
[2025-07-20 21:39:46] 記事ID 9BAE75737B6E4A7CB3BD8A81F1B9E37A: 正しいURLを生成できませんでした
[2025-07-20 21:39:46] 記事ID 9BAE75737B6E4A7CB3BD8A81F1B9E37A: 正しいURLを生成できませんでした
[2025-07-20 21:39:46] 記事ID 9BAE75737B6E4A7CB3BD8A81F1B9E37A: 正しいURLを生成できませんでした
[2025-07-20 21:39:46] 記事ID 9C652428B6B94CC782B1B276FA694D5D: URL修正完了
[2025-07-20 21:39:46] 記事ID 864A87535327462B8F5A6BC67F6CAAC1: 正しいURLを生成できませんでした
[2025-07-20 21:39:46] 記事ID 9E9AAD8E0EB9424AB5D39529EE6760FF: URL修正完了
[2025-07-20 21:39:46] 記事ID 9E9AAD8E0EB9424AB5D39529EE6760FF: URL修正完了
[2025-07-20 21:39:46] 記事ID 6014EB5AA9FA495CB7A32D2B3E1BB297: 正しいURLを生成できませんでした
[2025-07-20 21:39:46] 記事ID 39398F03F39F4C75B45B4DC90DE9EE57: URL修正完了
[2025-07-20 21:39:46] 記事ID 19525CF54A3D4EC2B182C6D9402F5412: URL修正完了
[2025-07-20 21:39:46] 記事ID BB53D62A27ED47C291C0818379831FE0: URL修正完了
[2025-07-20 21:39:46] 記事ID E75327AECE034D3190CC7005CF4516F3: 正しいURLを生成できませんでした
[2025-07-20 21:39:46] 記事ID E75327AECE034D3190CC7005CF4516F3: 正しいURLを生成できませんでした
[2025-07-20 21:39:46] 記事ID E75327AECE034D3190CC7005CF4516F3: 正しいURLを生成できませんでした
[2025-07-20 21:39:46] 記事ID E75327AECE034D3190CC7005CF4516F3: 正しいURLを生成できませんでした
[2025-07-20 21:39:46] 記事ID 350051FB088B4583AB5EAB050B96D9F4: 正しいURLを生成できませんでした
[2025-07-20 21:39:46] 記事ID 46FB28AC94FD4B10A536917346A45642: 正しいURLを生成できませんでした
[2025-07-20 21:39:46] 記事ID 46FB28AC94FD4B10A536917346A45642: 正しいURLを生成できませんでした
[2025-07-20 21:39:46] 記事ID 46FB28AC94FD4B10A536917346A45642: 正しいURLを生成できませんでした
[2025-07-20 21:39:46] 記事ID 46FB28AC94FD4B10A536917346A45642: 正しいURLを生成できませんでした
[2025-07-20 21:39:46] 記事ID 46FB28AC94FD4B10A536917346A45642: 正しいURLを生成できませんでした
[2025-07-20 21:39:46] 記事ID 46FB28AC94FD4B10A536917346A45642: 正しいURLを生成できませんでした
[2025-07-20 21:39:46] 記事ID EEEED45F9FBA40E6AF2DFB6BDBD00ED3: 正しいURLを生成できませんでした
[2025-07-20 21:39:46] 記事ID 8811365F79D44C44ACFF5480577C65A8: URL修正完了
[2025-07-20 21:39:46] 記事ID 8811365F79D44C44ACFF5480577C65A8: URL修正完了
[2025-07-20 21:39:46] 記事ID F1F696FD99C64830B5860BC209CFFD0B: URL修正完了
[2025-07-20 21:39:46] 記事ID F1F696FD99C64830B5860BC209CFFD0B: URL修正完了
[2025-07-20 21:39:46] 記事ID F1F696FD99C64830B5860BC209CFFD0B: URL修正完了
[2025-07-20 21:39:46] 記事ID F1F696FD99C64830B5860BC209CFFD0B: URL修正完了
[2025-07-20 21:39:46] 記事ID A6260C2D0B044532A88E2532C2D652CE: URL修正完了
[2025-07-20 21:39:46] 記事ID A6260C2D0B044532A88E2532C2D652CE: 正しいURLを生成できませんでした
[2025-07-20 21:39:46] 記事ID A6260C2D0B044532A88E2532C2D652CE: 正しいURLを生成できませんでした
[2025-07-20 21:39:46] 記事ID A6260C2D0B044532A88E2532C2D652CE: 正しいURLを生成できませんでした
[2025-07-20 21:39:46] 記事ID 8ACBF4BCF7574C4D9E77B55A7AB795F7: 正しいURLを生成できませんでした
[2025-07-20 21:39:46] 記事ID 8ACBF4BCF7574C4D9E77B55A7AB795F7: 正しいURLを生成できませんでした
[2025-07-20 21:39:46] 記事ID 8ACBF4BCF7574C4D9E77B55A7AB795F7: 正しいURLを生成できませんでした
[2025-07-20 21:39:46] 記事ID 8ACBF4BCF7574C4D9E77B55A7AB795F7: 正しいURLを生成できませんでした
[2025-07-20 21:39:46] 記事ID 8ACBF4BCF7574C4D9E77B55A7AB795F7: 正しいURLを生成できませんでした
[2025-07-20 21:39:46] 記事ID 8ACBF4BCF7574C4D9E77B55A7AB795F7: 正しいURLを生成できませんでした
[2025-07-20 21:39:46] 記事ID E863E5CF98F54B75944D5A3EA584B25B: 正しいURLを生成できませんでした
[2025-07-20 21:39:46] 記事ID ABDC6F2D08E443518B2FF99448545F99: URL修正完了
[2025-07-20 21:39:46] 記事ID ABDC6F2D08E443518B2FF99448545F99: URL修正完了
[2025-07-20 21:39:46] 記事ID ABDC6F2D08E443518B2FF99448545F99: URL修正完了
[2025-07-20 21:39:46] 記事ID 52A5DBB51D1E4F4C9C282F646180A0F1: URL修正完了
[2025-07-20 21:39:46] 記事ID 52A5DBB51D1E4F4C9C282F646180A0F1: URL修正完了
[2025-07-20 21:39:46] 記事ID 99E78D452C9F44BABA6D55877F7410D3: URL修正完了
[2025-07-20 21:39:46] 記事ID F7CE4CE425E54A578D05D352A463BE8E: URL修正完了
[2025-07-20 21:39:46] 記事ID 220796FAB31E4ED0A06A9EDC85927DCE: URL修正完了
[2025-07-20 21:39:46] 記事ID 2B3FFAD1E53547EC81CFF921EAEDFBF8: URL修正完了
[2025-07-20 21:39:46] 記事ID 2B3FFAD1E53547EC81CFF921EAEDFBF8: URL修正完了
[2025-07-20 21:39:46] 記事ID C525FAC1DC9A4ED19EBBCF21A43D54A7: URL修正完了
[2025-07-20 21:39:46] 記事ID C525FAC1DC9A4ED19EBBCF21A43D54A7: 正しいURLを生成できませんでした
[2025-07-20 21:39:46] 記事ID C525FAC1DC9A4ED19EBBCF21A43D54A7: 正しいURLを生成できませんでした
[2025-07-20 21:39:46] 記事ID C525FAC1DC9A4ED19EBBCF21A43D54A7: 正しいURLを生成できませんでした
[2025-07-20 21:39:46] 記事ID C525FAC1DC9A4ED19EBBCF21A43D54A7: 正しいURLを生成できませんでした
[2025-07-20 21:39:46] 記事ID C525FAC1DC9A4ED19EBBCF21A43D54A7: 正しいURLを生成できませんでした
[2025-07-20 21:39:46] 記事ID C525FAC1DC9A4ED19EBBCF21A43D54A7: 正しいURLを生成できませんでした
[2025-07-20 21:39:46] 記事ID C525FAC1DC9A4ED19EBBCF21A43D54A7: 正しいURLを生成できませんでした
[2025-07-20 21:39:46] 記事ID C525FAC1DC9A4ED19EBBCF21A43D54A7: 正しいURLを生成できませんでした
[2025-07-20 21:39:46] 記事ID A20146A8E2594C109AF17A333FE6879C: URL修正完了
[2025-07-20 21:39:46] 記事ID A20146A8E2594C109AF17A333FE6879C: URL修正完了
[2025-07-20 21:39:46] 記事ID E4FC55FF0984492685E193ECB1A8EABF: 正しいURLを生成できませんでした
[2025-07-20 21:39:46] 記事ID 2187ACB31A66453AA777F8A4A8B038DD: URL修正完了
[2025-07-20 21:39:46] 記事ID B6307F7585EE46928D3A91D903E653DA: 正しいURLを生成できませんでした
[2025-07-20 21:39:46] 記事ID 3576B2435A504E60AA45F6A57A6F033E: URL修正完了
[2025-07-20 21:39:46] 記事ID D0801547C7B545DDA8B605047AC98D69: URL修正完了
[2025-07-20 21:39:46] 記事ID C1AAA807BCF54465860CDD19168E5499: URL修正完了
[2025-07-20 21:39:46] 記事ID C1AAA807BCF54465860CDD19168E5499: URL修正完了
[2025-07-20 21:39:46] 記事ID 30C24A39397F4649930E8CAA6A4A4611: URL修正完了
[2025-07-20 21:39:46] 記事ID 74FAEBF130504C41855A4151FAA6BF26: 正しいURLを生成できませんでした
[2025-07-20 21:39:46] 記事ID AE3D58906B7E407E9E3BE6CBFD686B4A: 正しいURLを生成できませんでした
[2025-07-20 21:39:46] 記事ID B46626201D8C40E59DD4D8932D32DD49: URL修正完了
[2025-07-20 21:39:46] 記事ID 9133592A9C124D2E84500601CCAE40A6: URL修正完了
[2025-07-20 21:39:46] 記事ID 9133592A9C124D2E84500601CCAE40A6: URL修正完了
[2025-07-20 21:39:46] 記事ID 57F9B1A017054D84840CA28AE6192238: URL修正完了
[2025-07-20 21:39:46] 記事ID 515D84A6379E4FB7884ABA6CAAFCB734: URL修正完了
[2025-07-20 21:39:46] 記事ID 515D84A6379E4FB7884ABA6CAAFCB734: 正しいURLを生成できませんでした
[2025-07-20 21:39:46] 記事ID 515D84A6379E4FB7884ABA6CAAFCB734: 正しいURLを生成できませんでした
[2025-07-20 21:39:46] 記事ID BACA8C00ADB34CAB9A788101FFEA9028: URL修正完了
[2025-07-20 21:39:46] 記事ID 8C38E6462D9B4697890CFAFFD5E7049C: URL修正完了
[2025-07-20 21:39:46] 記事ID 8C38E6462D9B4697890CFAFFD5E7049C: 正しいURLを生成できませんでした
[2025-07-20 21:39:46] 記事ID 4A935F0880AA4CB48A884160046401F5: 正しいURLを生成できませんでした
[2025-07-20 21:39:46] 記事ID 32F4C6CDFEF54E8A88EACC5F1B59767A: 正しいURLを生成できませんでした
[2025-07-20 21:39:46] 記事ID 32F4C6CDFEF54E8A88EACC5F1B59767A: 正しいURLを生成できませんでした
[2025-07-20 21:39:46] 記事ID 32F4C6CDFEF54E8A88EACC5F1B59767A: 正しいURLを生成できませんでした
[2025-07-20 21:39:46] 記事ID EA0AD9EF5C9B4EAAAA72B504A729C084: URL修正完了
[2025-07-20 21:39:46] 記事ID 3D7EE764D1B34FE28ACF38B175848A1A: 正しいURLを生成できませんでした
[2025-07-20 21:39:46] 記事ID 3D7EE764D1B34FE28ACF38B175848A1A: 正しいURLを生成できませんでした
[2025-07-20 21:39:46] 記事ID 3D7EE764D1B34FE28ACF38B175848A1A: 正しいURLを生成できませんでした
[2025-07-20 21:39:46] 記事ID 544B60CD7A854CE38C0D13A002864DF4: 正しいURLを生成できませんでした
[2025-07-20 21:39:46] 記事ID 544B60CD7A854CE38C0D13A002864DF4: URL修正完了
[2025-07-20 21:39:46] 記事ID 544B60CD7A854CE38C0D13A002864DF4: URL修正完了
[2025-07-20 21:39:46] 記事ID D29657D4B18D46579EF3141AC45B371F: URL修正完了
[2025-07-20 21:39:46] 記事ID D29657D4B18D46579EF3141AC45B371F: URL修正完了
[2025-07-20 21:39:46] 記事ID D29657D4B18D46579EF3141AC45B371F: 正しいURLを生成できませんでした
[2025-07-20 21:39:46] 記事ID D29657D4B18D46579EF3141AC45B371F: 正しいURLを生成できませんでした
[2025-07-20 21:39:46] 記事ID D29657D4B18D46579EF3141AC45B371F: 正しいURLを生成できませんでした
[2025-07-20 21:39:46] 記事ID D29657D4B18D46579EF3141AC45B371F: 正しいURLを生成できませんでした
[2025-07-20 21:39:46] 記事ID D29657D4B18D46579EF3141AC45B371F: 正しいURLを生成できませんでした
[2025-07-20 21:39:46] 記事ID CB7C9652B299424E9CA6B88A63A63366: URL修正完了
[2025-07-20 21:39:46] 記事ID 92C47E3F22534596A0344BAD6DCD804D: URL修正完了
[2025-07-20 21:39:46] 記事ID 307426DC816743BDB04A1282686C9BD7: URL修正完了
[2025-07-20 21:39:46] 記事ID FF0385B63E924A3CA76FBDB00F39BE88: 正しいURLを生成できませんでした
[2025-07-20 21:39:46] 記事ID FF0385B63E924A3CA76FBDB00F39BE88: 正しいURLを生成できませんでした
[2025-07-20 21:39:46] 記事ID FF0385B63E924A3CA76FBDB00F39BE88: 正しいURLを生成できませんでした
[2025-07-20 21:39:46] 記事ID FF0385B63E924A3CA76FBDB00F39BE88: URL修正完了
[2025-07-20 21:39:46] 記事ID E3AF80AE320441CDBA93CD9DDF9C2F06: URL修正完了
[2025-07-20 21:39:46] 記事ID 90108D693A7F4263B579A948167550D3: URL修正完了
[2025-07-20 21:39:46] 記事ID 6BF6D9A3CCBA4882B1B904587851C646: URL修正完了
[2025-07-20 21:39:46] 記事ID 4D3D663633B7451FB27DD01FF869F402: URL修正完了
[2025-07-20 21:39:46] 記事ID 1C42E90E0C504A6EAC70A8D49611016D: URL修正完了
[2025-07-20 21:39:46] 記事ID 56040C601B894832881630D7B29B9330: URL修正完了
[2025-07-20 21:39:46] 記事ID 8D063055EC2B452A8ACFE459AD13CAC5: URL修正完了
[2025-07-20 21:39:46] 記事ID 8D063055EC2B452A8ACFE459AD13CAC5: URL修正完了
[2025-07-20 21:39:46] 記事ID 6C648864A4154ADB9DB6F4178EDA63BA: 正しいURLを生成できませんでした
[2025-07-20 21:39:46] 記事ID 49639447093049D4BF9054F1510962E6: 正しいURLを生成できませんでした
[2025-07-20 21:39:46] 記事ID 49639447093049D4BF9054F1510962E6: 正しいURLを生成できませんでした
[2025-07-20 21:39:46] 記事ID 49639447093049D4BF9054F1510962E6: 正しいURLを生成できませんでした
[2025-07-20 21:39:46] 記事ID 49639447093049D4BF9054F1510962E6: 正しいURLを生成できませんでした
[2025-07-20 21:39:46] 記事ID 49639447093049D4BF9054F1510962E6: 正しいURLを生成できませんでした
[2025-07-20 21:39:46] 記事ID 49639447093049D4BF9054F1510962E6: 正しいURLを生成できませんでした
[2025-07-20 21:39:46] 記事ID 49639447093049D4BF9054F1510962E6: 正しいURLを生成できませんでした
[2025-07-20 21:39:46] 記事ID 49639447093049D4BF9054F1510962E6: 正しいURLを生成できませんでした
[2025-07-20 21:39:46] 記事ID 49639447093049D4BF9054F1510962E6: 正しいURLを生成できませんでした
[2025-07-20 21:39:46] 記事ID 49639447093049D4BF9054F1510962E6: 正しいURLを生成できませんでした
[2025-07-20 21:39:46] 記事ID 49639447093049D4BF9054F1510962E6: 正しいURLを生成できませんでした
[2025-07-20 21:39:46] 記事ID 49639447093049D4BF9054F1510962E6: 正しいURLを生成できませんでした
[2025-07-20 21:39:46] 記事ID 49639447093049D4BF9054F1510962E6: 正しいURLを生成できませんでした
[2025-07-20 21:39:46] 記事ID 49639447093049D4BF9054F1510962E6: 正しいURLを生成できませんでした
[2025-07-20 21:39:46] 記事ID 49639447093049D4BF9054F1510962E6: 正しいURLを生成できませんでした
[2025-07-20 21:39:46] 記事ID 49639447093049D4BF9054F1510962E6: 正しいURLを生成できませんでした
[2025-07-20 21:39:46] 記事ID 49639447093049D4BF9054F1510962E6: 正しいURLを生成できませんでした
[2025-07-20 21:39:46] 記事ID 49639447093049D4BF9054F1510962E6: 正しいURLを生成できませんでした
[2025-07-20 21:39:46] 記事ID 49639447093049D4BF9054F1510962E6: 正しいURLを生成できませんでした
[2025-07-20 21:39:46] 記事ID 49639447093049D4BF9054F1510962E6: 正しいURLを生成できませんでした
[2025-07-20 21:39:46] 記事ID 49639447093049D4BF9054F1510962E6: 正しいURLを生成できませんでした
[2025-07-20 21:39:46] 記事ID 49639447093049D4BF9054F1510962E6: 正しいURLを生成できませんでした
[2025-07-20 21:39:46] 記事ID 49639447093049D4BF9054F1510962E6: 正しいURLを生成できませんでした
[2025-07-20 21:39:46] 記事ID 49639447093049D4BF9054F1510962E6: 正しいURLを生成できませんでした
[2025-07-20 21:39:46] 記事ID 49639447093049D4BF9054F1510962E6: 正しいURLを生成できませんでした
[2025-07-20 21:39:46] 記事ID 49639447093049D4BF9054F1510962E6: 正しいURLを生成できませんでした
[2025-07-20 21:39:46] 記事ID 49639447093049D4BF9054F1510962E6: 正しいURLを生成できませんでした
[2025-07-20 21:39:46] 記事ID 49639447093049D4BF9054F1510962E6: 正しいURLを生成できませんでした
[2025-07-20 21:39:46] 記事ID 49639447093049D4BF9054F1510962E6: 正しいURLを生成できませんでした
[2025-07-20 21:39:46] 記事ID 49639447093049D4BF9054F1510962E6: 正しいURLを生成できませんでした
[2025-07-20 21:39:46] 記事ID 49639447093049D4BF9054F1510962E6: 正しいURLを生成できませんでした
[2025-07-20 21:39:46] 記事ID 49639447093049D4BF9054F1510962E6: 正しいURLを生成できませんでした
[2025-07-20 21:39:46] 記事ID 49639447093049D4BF9054F1510962E6: 正しいURLを生成できませんでした
[2025-07-20 21:39:46] 記事ID 49639447093049D4BF9054F1510962E6: 正しいURLを生成できませんでした
[2025-07-20 21:39:46] 記事ID 49639447093049D4BF9054F1510962E6: 正しいURLを生成できませんでした
[2025-07-20 21:39:46] 記事ID 49639447093049D4BF9054F1510962E6: 正しいURLを生成できませんでした
[2025-07-20 21:39:46] 記事ID 49639447093049D4BF9054F1510962E6: 正しいURLを生成できませんでした
[2025-07-20 21:39:46] 記事ID 49639447093049D4BF9054F1510962E6: 正しいURLを生成できませんでした
[2025-07-20 21:39:46] 記事ID 49639447093049D4BF9054F1510962E6: 正しいURLを生成できませんでした
[2025-07-20 21:39:46] 記事ID 49639447093049D4BF9054F1510962E6: 正しいURLを生成できませんでした
[2025-07-20 21:39:46] 記事ID 49639447093049D4BF9054F1510962E6: 正しいURLを生成できませんでした
[2025-07-20 21:39:46] 記事ID 49639447093049D4BF9054F1510962E6: 正しいURLを生成できませんでした
[2025-07-20 21:39:46] 記事ID 49639447093049D4BF9054F1510962E6: 正しいURLを生成できませんでした
[2025-07-20 21:39:46] 記事ID 49639447093049D4BF9054F1510962E6: 正しいURLを生成できませんでした
[2025-07-20 21:39:46] 記事ID 214BFC9E3C664A79B75E584E7AEEB700: 正しいURLを生成できませんでした
[2025-07-20 21:39:46] 記事ID D471FB66DD4D4BBFB9F7D8E20EC0442C: URL修正完了
[2025-07-20 21:39:46] 記事ID 8BF98B8F7F66497B998DC426D970A10C: URL修正完了
[2025-07-20 21:39:46] 記事ID 8BF98B8F7F66497B998DC426D970A10C: 正しいURLを生成できませんでした
[2025-07-20 21:39:46] 記事ID 8BF98B8F7F66497B998DC426D970A10C: 正しいURLを生成できませんでした
[2025-07-20 21:39:46] 記事ID 8BF98B8F7F66497B998DC426D970A10C: URL修正完了
[2025-07-20 21:39:46] 記事ID 8BF98B8F7F66497B998DC426D970A10C: URL修正完了
[2025-07-20 21:39:46] 記事ID 8BF98B8F7F66497B998DC426D970A10C: 正しいURLを生成できませんでした
[2025-07-20 21:39:46] 記事ID 8BF98B8F7F66497B998DC426D970A10C: 正しいURLを生成できませんでした
[2025-07-20 21:39:46] 記事ID 209E8F2552914EB2A62EA43BC299205D: URL修正完了
[2025-07-20 21:39:46] 記事ID 209E8F2552914EB2A62EA43BC299205D: URL修正完了
[2025-07-20 21:39:46] 記事ID 5B5265720F714AB590C26B53FACE7C68: 正しいURLを生成できませんでした
[2025-07-20 21:39:46] 記事ID 5B5265720F714AB590C26B53FACE7C68: 正しいURLを生成できませんでした
[2025-07-20 21:39:46] 記事ID 5B5265720F714AB590C26B53FACE7C68: 正しいURLを生成できませんでした
[2025-07-20 21:39:46] 記事ID 5B5265720F714AB590C26B53FACE7C68: 正しいURLを生成できませんでした
[2025-07-20 21:39:46] 記事ID 5B5265720F714AB590C26B53FACE7C68: 正しいURLを生成できませんでした
[2025-07-20 21:39:46] 記事ID 5B5265720F714AB590C26B53FACE7C68: 正しいURLを生成できませんでした
[2025-07-20 21:39:46] 記事ID 5B5265720F714AB590C26B53FACE7C68: 正しいURLを生成できませんでした
[2025-07-20 21:39:46] 記事ID 5B5265720F714AB590C26B53FACE7C68: URL修正完了
[2025-07-20 21:39:46] 記事ID 5B5265720F714AB590C26B53FACE7C68: URL修正完了
[2025-07-20 21:39:46] 記事ID EC7E099AD3454D83855E87C8AE3342F8: 正しいURLを生成できませんでした
[2025-07-20 21:39:46] 記事ID A9A264420AFA4AF88123C5FF139C22D0: 正しいURLを生成できませんでした
[2025-07-20 21:39:46] 記事ID A9A264420AFA4AF88123C5FF139C22D0: 正しいURLを生成できませんでした
[2025-07-20 21:39:46] 記事ID A9A264420AFA4AF88123C5FF139C22D0: 正しいURLを生成できませんでした
[2025-07-20 21:39:46] 記事ID B361E325C9DB495C86CBA88D9EDFF71E: 正しいURLを生成できませんでした
[2025-07-20 21:39:46] 記事ID B361E325C9DB495C86CBA88D9EDFF71E: 正しいURLを生成できませんでした
[2025-07-20 21:39:46] 記事ID B361E325C9DB495C86CBA88D9EDFF71E: URL修正完了
[2025-07-20 21:39:46] 記事ID B361E325C9DB495C86CBA88D9EDFF71E: 正しいURLを生成できませんでした
[2025-07-20 21:39:46] 記事ID B361E325C9DB495C86CBA88D9EDFF71E: 正しいURLを生成できませんでした
[2025-07-20 21:39:46] 記事ID B361E325C9DB495C86CBA88D9EDFF71E: 正しいURLを生成できませんでした
[2025-07-20 21:39:46] 記事ID B361E325C9DB495C86CBA88D9EDFF71E: 正しいURLを生成できませんでした
[2025-07-20 21:39:46] 記事ID B361E325C9DB495C86CBA88D9EDFF71E: 正しいURLを生成できませんでした
[2025-07-20 21:39:46] 記事ID B361E325C9DB495C86CBA88D9EDFF71E: 正しいURLを生成できませんでした
[2025-07-20 21:39:46] 記事ID D939CEFD3B7E484187C7F478BA58BC12: URL修正完了
[2025-07-20 21:39:46] 記事ID D26DA7036001441F859AD19A07152CCF: URL修正完了
[2025-07-20 21:39:46] 記事ID 18B998C8848442319D4EF73E9FAB513D: URL修正完了
[2025-07-20 21:39:46] 記事ID A869E459E13D4D70B214BAFECCF95001: URL修正完了
[2025-07-20 21:39:46] 記事ID A869E459E13D4D70B214BAFECCF95001: URL修正完了
[2025-07-20 21:39:46] 記事ID A869E459E13D4D70B214BAFECCF95001: URL修正完了
[2025-07-20 21:39:46] 記事ID 9D3766A7B0AB49C3AD9B14F94F4144AE: URL修正完了
[2025-07-20 21:39:46] 記事ID FD684005FE2443A2AB05401F5FD48F8F: URL修正完了
[2025-07-20 21:39:46] 記事ID FD684005FE2443A2AB05401F5FD48F8F: URL修正完了
[2025-07-20 21:39:46] 記事ID FD684005FE2443A2AB05401F5FD48F8F: URL修正完了
[2025-07-20 21:39:46] 記事ID FD684005FE2443A2AB05401F5FD48F8F: URL修正完了
[2025-07-20 21:39:46] 記事ID 6314CC815A4A4AAFB0CB9D6BE8017665: 正しいURLを生成できませんでした
[2025-07-20 21:39:46] 記事ID 6314CC815A4A4AAFB0CB9D6BE8017665: URL修正完了
[2025-07-20 21:39:46] 記事ID 6314CC815A4A4AAFB0CB9D6BE8017665: 正しいURLを生成できませんでした
[2025-07-20 21:39:46] 記事ID 56D4C6A1EF4E4271AAEF0270F89E246E: URL修正完了
[2025-07-20 21:39:46] 記事ID DAD74F76145D44AE96B02354DCEB3CC3: URL修正完了
[2025-07-20 21:39:46] 記事ID DAD74F76145D44AE96B02354DCEB3CC3: URL修正完了
[2025-07-20 21:39:46] 記事ID 4363FA5BA02040BBAA417794F5D949B8: 正しいURLを生成できませんでした
[2025-07-20 21:39:46] 記事ID 4363FA5BA02040BBAA417794F5D949B8: 正しいURLを生成できませんでした
[2025-07-20 21:39:46] 記事ID 4363FA5BA02040BBAA417794F5D949B8: 正しいURLを生成できませんでした
[2025-07-20 21:39:46] 記事ID D7941DC10F294D2EBF3EBC7295CC1930: 正しいURLを生成できませんでした
[2025-07-20 21:39:46] 記事ID 749E57C190984639B35F1230883FBCB7: 正しいURLを生成できませんでした
[2025-07-20 21:39:46] 記事ID 749E57C190984639B35F1230883FBCB7: 正しいURLを生成できませんでした
[2025-07-20 21:39:46] 記事ID 749E57C190984639B35F1230883FBCB7: 正しいURLを生成できませんでした
[2025-07-20 21:39:46] 記事ID AED949C3491D4D2BBCE67D5DA3528CD0: URL修正完了
[2025-07-20 21:39:46] 記事ID E78EA384C3634DC09FFFC114605F1F99: URL修正完了
[2025-07-20 21:39:46] 記事ID 9E49955C47254D4E9578EF2A1CAA5FE0: URL修正完了
[2025-07-20 21:39:46] 記事ID 9E49955C47254D4E9578EF2A1CAA5FE0: URL修正完了
[2025-07-20 21:39:46] 記事ID 9E49955C47254D4E9578EF2A1CAA5FE0: URL修正完了
[2025-07-20 21:39:46] 記事ID 445F89785B3240348200FCE84C6B59D7: 正しいURLを生成できませんでした
[2025-07-20 21:39:46] 記事ID 445F89785B3240348200FCE84C6B59D7: URL修正完了
[2025-07-20 21:39:46] 記事ID 61C4C9C869AC43108DCAB5A22FE60067: URL修正完了
[2025-07-20 21:39:46] 記事ID 61C4C9C869AC43108DCAB5A22FE60067: URL修正完了
[2025-07-20 21:39:46] 記事ID 61C4C9C869AC43108DCAB5A22FE60067: URL修正完了
[2025-07-20 21:39:46] 記事ID 5535D8D52C4D456082B324C0D29D1DC3: 正しいURLを生成できませんでした
[2025-07-20 21:39:46] 記事ID 5535D8D52C4D456082B324C0D29D1DC3: URL修正完了
[2025-07-20 21:39:46] 記事ID 73006CF054904BB5B75B4CF030C66F76: 正しいURLを生成できませんでした
[2025-07-20 21:39:46] 記事ID 73006CF054904BB5B75B4CF030C66F76: 正しいURLを生成できませんでした
[2025-07-20 21:39:46] 記事ID 73006CF054904BB5B75B4CF030C66F76: 正しいURLを生成できませんでした
[2025-07-20 21:39:46] 記事ID 73006CF054904BB5B75B4CF030C66F76: 正しいURLを生成できませんでした
[2025-07-20 21:39:46] 記事ID 706F8710347347A5905519FC8481E53D: 正しいURLを生成できませんでした
[2025-07-20 21:39:46] 記事ID 706F8710347347A5905519FC8481E53D: 正しいURLを生成できませんでした
[2025-07-20 21:39:46] 記事ID FAA8C0E44DF14D0EB902CBD2386F6392: 正しいURLを生成できませんでした
[2025-07-20 21:39:46] 記事ID 80F38C776D7F4A7E9230ED4A96A463D8: URL修正完了
[2025-07-20 21:39:46] 記事ID 80F38C776D7F4A7E9230ED4A96A463D8: URL修正完了
[2025-07-20 21:39:46] 記事ID 80F38C776D7F4A7E9230ED4A96A463D8: URL修正完了
[2025-07-20 21:39:46] 記事ID 80F38C776D7F4A7E9230ED4A96A463D8: URL修正完了
[2025-07-20 21:39:46] 記事ID 80F38C776D7F4A7E9230ED4A96A463D8: URL修正完了
[2025-07-20 21:39:46] 記事ID 80F38C776D7F4A7E9230ED4A96A463D8: URL修正完了
[2025-07-20 21:39:46] 記事ID 80F38C776D7F4A7E9230ED4A96A463D8: URL修正完了
[2025-07-20 21:39:46] 記事ID C6DA77D136594B43B1D0AEF1D64C1A11: URL修正完了
[2025-07-20 21:39:46] 記事ID C6DA77D136594B43B1D0AEF1D64C1A11: 正しいURLを生成できませんでした
[2025-07-20 21:39:46] 記事ID C6DA77D136594B43B1D0AEF1D64C1A11: 正しいURLを生成できませんでした
[2025-07-20 21:39:46] 記事ID EC4ACF9128FA44E3897B1CF4235D60F3: URL修正完了
[2025-07-20 21:39:46] 記事ID EC4ACF9128FA44E3897B1CF4235D60F3: URL修正完了
[2025-07-20 21:39:46] 記事ID EC4ACF9128FA44E3897B1CF4235D60F3: 正しいURLを生成できませんでした
[2025-07-20 21:39:46] 記事ID EC4ACF9128FA44E3897B1CF4235D60F3: 正しいURLを生成できませんでした
[2025-07-20 21:39:46] 記事ID D3CC5FA3F9114C83A0297E2F07C26823: 正しいURLを生成できませんでした
[2025-07-20 21:39:46] 記事ID 1AD9A48252704288B2D2BBFD00B7C518: 正しいURLを生成できませんでした
[2025-07-20 21:39:46] 記事ID 6FAE19AE84FE480C9040D94CCE106180: URL修正完了
[2025-07-20 21:39:46] 記事ID F75660FD4B4046D98D72FC531856C053: URL修正完了
[2025-07-20 21:39:46] 記事ID 5D85E09478A2459B8E1AA2127A9110AC: URL修正完了
[2025-07-20 21:39:46] 記事ID 5D85E09478A2459B8E1AA2127A9110AC: 正しいURLを生成できませんでした
[2025-07-20 21:39:46] 記事ID 5D85E09478A2459B8E1AA2127A9110AC: URL修正完了
[2025-07-20 21:39:46] 記事ID 3AF5A8F273974D2AA4A0B9B708E657A5: URL修正完了
[2025-07-20 21:39:46] 記事ID 96D0FECA77F8471B9817AEF5F9543CA6: URL修正完了
[2025-07-20 21:39:46] 画像URL修正完了
[2025-07-20 21:39:46] 画像アクセステストを開始
[2025-07-20 21:39:46] 記事ID 8E01793825904B5FA5C81D0FD6E040B2: 画像アクセス成功 (HTTP 200)
[2025-07-20 21:39:46] 記事ID 363674979910439B94DB04A4017D13C6: 画像アクセス成功 (HTTP 200)
[2025-07-20 21:39:46] 記事ID B537AD1EBE2C4427A1326B2DD849C3ED: 画像アクセス成功 (HTTP 200)
[2025-07-20 21:39:47] 記事ID B537AD1EBE2C4427A1326B2DD849C3ED: 画像アクセス成功 (HTTP 200)
[2025-07-20 21:39:47] 記事ID B537AD1EBE2C4427A1326B2DD849C3ED: 画像アクセス成功 (HTTP 200)
[2025-07-20 21:39:47] 記事ID 1E82533E6E694DF4A6B5C7E065721BCA: 画像アクセス成功 (HTTP 200)
[2025-07-20 21:39:47] 記事ID 70D9E248389A445C81B73C4696B5D061: 画像アクセス成功 (HTTP 200)
[2025-07-20 21:39:47] 記事ID BF21D389298E4E969D966A4FA4ABD488: 画像アクセス成功 (HTTP 200)
[2025-07-20 21:39:47] 記事ID F87038ADD293450C87384D4111547D55: 画像アクセス成功 (HTTP 200)
[2025-07-20 21:39:47] 記事ID F87038ADD293450C87384D4111547D55: 画像アクセス成功 (HTTP 200)
[2025-07-20 21:39:47] 記事ID F87038ADD293450C87384D4111547D55: 画像アクセス成功 (HTTP 200)
[2025-07-20 21:39:47] 記事ID F87038ADD293450C87384D4111547D55: 画像アクセス成功 (HTTP 200)
[2025-07-20 21:39:47] 記事ID F87038ADD293450C87384D4111547D55: 画像アクセス成功 (HTTP 200)
[2025-07-20 21:39:47] 記事ID F87038ADD293450C87384D4111547D55: 画像アクセス成功 (HTTP 200)
[2025-07-20 21:39:47] 記事ID D5608077B80342278424D423AEB5C99D: 画像アクセス成功 (HTTP 200)
[2025-07-20 21:39:48] 記事ID 9C652428B6B94CC782B1B276FA694D5D: 画像アクセス成功 (HTTP 200)
[2025-07-20 21:39:48] 記事ID 9E9AAD8E0EB9424AB5D39529EE6760FF: 画像アクセス成功 (HTTP 200)
[2025-07-20 21:39:48] 記事ID 9E9AAD8E0EB9424AB5D39529EE6760FF: 画像アクセス成功 (HTTP 200)
[2025-07-20 21:39:48] 記事ID 39398F03F39F4C75B45B4DC90DE9EE57: 画像アクセス成功 (HTTP 200)
[2025-07-20 21:39:48] 記事ID 19525CF54A3D4EC2B182C6D9402F5412: 画像アクセス成功 (HTTP 200)
[2025-07-20 21:39:48] 記事ID BB53D62A27ED47C291C0818379831FE0: 画像アクセス成功 (HTTP 200)
[2025-07-20 21:39:48] 記事ID 8811365F79D44C44ACFF5480577C65A8: 画像アクセス成功 (HTTP 200)
[2025-07-20 21:39:48] 記事ID 8811365F79D44C44ACFF5480577C65A8: 画像アクセス成功 (HTTP 200)
[2025-07-20 21:39:48] 記事ID F1F696FD99C64830B5860BC209CFFD0B: 画像アクセス成功 (HTTP 200)
[2025-07-20 21:39:48] 記事ID F1F696FD99C64830B5860BC209CFFD0B: 画像アクセス失敗 (HTTP 404)
[2025-07-20 21:39:49] 記事ID F1F696FD99C64830B5860BC209CFFD0B: 画像アクセス失敗 (HTTP 404)
[2025-07-20 21:39:49] 記事ID F1F696FD99C64830B5860BC209CFFD0B: 画像アクセス失敗 (HTTP 404)
[2025-07-20 21:39:49] 記事ID A6260C2D0B044532A88E2532C2D652CE: 画像アクセス成功 (HTTP 200)
[2025-07-20 21:39:49] 記事ID ABDC6F2D08E443518B2FF99448545F99: 画像アクセス成功 (HTTP 200)
[2025-07-20 21:39:49] 記事ID ABDC6F2D08E443518B2FF99448545F99: 画像アクセス成功 (HTTP 200)
[2025-07-20 21:39:49] 記事ID ABDC6F2D08E443518B2FF99448545F99: 画像アクセス成功 (HTTP 200)
[2025-07-20 21:39:49] 記事ID 52A5DBB51D1E4F4C9C282F646180A0F1: 画像アクセス成功 (HTTP 200)
[2025-07-20 21:39:49] 記事ID 52A5DBB51D1E4F4C9C282F646180A0F1: 画像アクセス成功 (HTTP 200)
[2025-07-20 21:39:49] 記事ID 99E78D452C9F44BABA6D55877F7410D3: 画像アクセス成功 (HTTP 200)
[2025-07-20 21:39:49] 記事ID F7CE4CE425E54A578D05D352A463BE8E: 画像アクセス成功 (HTTP 200)
[2025-07-20 21:39:49] 記事ID 220796FAB31E4ED0A06A9EDC85927DCE: 画像アクセス成功 (HTTP 200)
[2025-07-20 21:39:50] 記事ID 2B3FFAD1E53547EC81CFF921EAEDFBF8: 画像アクセス成功 (HTTP 200)
[2025-07-20 21:39:50] 記事ID 2B3FFAD1E53547EC81CFF921EAEDFBF8: 画像アクセス成功 (HTTP 200)
[2025-07-20 21:39:50] 記事ID C525FAC1DC9A4ED19EBBCF21A43D54A7: 画像アクセス成功 (HTTP 200)
[2025-07-20 21:39:50] 記事ID A20146A8E2594C109AF17A333FE6879C: 画像アクセス成功 (HTTP 200)
[2025-07-20 21:39:50] 記事ID A20146A8E2594C109AF17A333FE6879C: 画像アクセス成功 (HTTP 200)
[2025-07-20 21:39:50] 記事ID 2187ACB31A66453AA777F8A4A8B038DD: 画像アクセス成功 (HTTP 200)
[2025-07-20 21:39:50] 記事ID 3576B2435A504E60AA45F6A57A6F033E: 画像アクセス成功 (HTTP 200)
[2025-07-20 21:39:50] 記事ID D0801547C7B545DDA8B605047AC98D69: 画像アクセス成功 (HTTP 200)
[2025-07-20 21:39:50] 記事ID C1AAA807BCF54465860CDD19168E5499: 画像アクセス成功 (HTTP 200)
[2025-07-20 21:39:50] 記事ID C1AAA807BCF54465860CDD19168E5499: 画像アクセス成功 (HTTP 200)
[2025-07-20 21:39:50] 記事ID 30C24A39397F4649930E8CAA6A4A4611: 画像アクセス成功 (HTTP 200)
[2025-07-20 21:39:51] 記事ID B46626201D8C40E59DD4D8932D32DD49: 画像アクセス成功 (HTTP 200)
[2025-07-20 21:39:51] 記事ID 9133592A9C124D2E84500601CCAE40A6: 画像アクセス成功 (HTTP 200)
[2025-07-20 21:39:51] 記事ID 9133592A9C124D2E84500601CCAE40A6: 画像アクセス成功 (HTTP 200)
[2025-07-20 21:39:51] 記事ID 57F9B1A017054D84840CA28AE6192238: 画像アクセス成功 (HTTP 200)
[2025-07-20 21:39:51] 記事ID 515D84A6379E4FB7884ABA6CAAFCB734: 画像アクセス成功 (HTTP 200)
[2025-07-20 21:39:51] 記事ID BACA8C00ADB34CAB9A788101FFEA9028: 画像アクセス成功 (HTTP 200)
[2025-07-20 21:39:51] 記事ID 8C38E6462D9B4697890CFAFFD5E7049C: 画像アクセス成功 (HTTP 200)
[2025-07-20 21:39:51] 記事ID EA0AD9EF5C9B4EAAAA72B504A729C084: 画像アクセス成功 (HTTP 200)
[2025-07-20 21:39:51] 記事ID 544B60CD7A854CE38C0D13A002864DF4: 画像アクセス成功 (HTTP 200)
[2025-07-20 21:39:51] 記事ID 544B60CD7A854CE38C0D13A002864DF4: 画像アクセス成功 (HTTP 200)
[2025-07-20 21:39:51] 記事ID D29657D4B18D46579EF3141AC45B371F: 画像アクセス成功 (HTTP 200)
[2025-07-20 21:39:52] 記事ID D29657D4B18D46579EF3141AC45B371F: 画像アクセス成功 (HTTP 200)
[2025-07-20 21:39:52] 記事ID CB7C9652B299424E9CA6B88A63A63366: 画像アクセス成功 (HTTP 200)
[2025-07-20 21:39:52] 記事ID 92C47E3F22534596A0344BAD6DCD804D: 画像アクセス成功 (HTTP 200)
[2025-07-20 21:39:52] 記事ID 307426DC816743BDB04A1282686C9BD7: 画像アクセス成功 (HTTP 200)
[2025-07-20 21:39:52] 記事ID FF0385B63E924A3CA76FBDB00F39BE88: 画像アクセス成功 (HTTP 200)
[2025-07-20 21:39:52] 記事ID E3AF80AE320441CDBA93CD9DDF9C2F06: 画像アクセス成功 (HTTP 200)
[2025-07-20 21:39:52] 記事ID 90108D693A7F4263B579A948167550D3: 画像アクセス成功 (HTTP 200)
[2025-07-20 21:39:52] 記事ID 6BF6D9A3CCBA4882B1B904587851C646: 画像アクセス成功 (HTTP 200)
[2025-07-20 21:39:52] 記事ID 4D3D663633B7451FB27DD01FF869F402: 画像アクセス成功 (HTTP 200)
[2025-07-20 21:39:52] 記事ID 1C42E90E0C504A6EAC70A8D49611016D: 画像アクセス成功 (HTTP 200)
[2025-07-20 21:39:52] 記事ID 56040C601B894832881630D7B29B9330: 画像アクセス成功 (HTTP 200)
[2025-07-20 21:39:53] 記事ID 8D063055EC2B452A8ACFE459AD13CAC5: 画像アクセス成功 (HTTP 200)
[2025-07-20 21:39:53] 記事ID 8D063055EC2B452A8ACFE459AD13CAC5: 画像アクセス成功 (HTTP 200)
[2025-07-20 21:39:53] 記事ID D471FB66DD4D4BBFB9F7D8E20EC0442C: 画像アクセス成功 (HTTP 200)
[2025-07-20 21:39:53] 記事ID 8BF98B8F7F66497B998DC426D970A10C: 画像アクセス成功 (HTTP 200)
[2025-07-20 21:39:53] 記事ID 8BF98B8F7F66497B998DC426D970A10C: 画像アクセス成功 (HTTP 200)
[2025-07-20 21:39:53] 記事ID 8BF98B8F7F66497B998DC426D970A10C: 画像アクセス成功 (HTTP 200)
[2025-07-20 21:39:53] 記事ID 209E8F2552914EB2A62EA43BC299205D: 画像アクセス成功 (HTTP 200)
[2025-07-20 21:39:53] 記事ID 209E8F2552914EB2A62EA43BC299205D: 画像アクセス成功 (HTTP 200)
[2025-07-20 21:39:53] 記事ID 5B5265720F714AB590C26B53FACE7C68: 画像アクセス成功 (HTTP 200)
[2025-07-20 21:39:53] 記事ID 5B5265720F714AB590C26B53FACE7C68: 画像アクセス成功 (HTTP 200)
[2025-07-20 21:39:53] 記事ID B361E325C9DB495C86CBA88D9EDFF71E: 画像アクセス成功 (HTTP 200)
[2025-07-20 21:39:53] 記事ID D939CEFD3B7E484187C7F478BA58BC12: 画像アクセス成功 (HTTP 200)
[2025-07-20 21:39:54] 記事ID D26DA7036001441F859AD19A07152CCF: 画像アクセス成功 (HTTP 200)
[2025-07-20 21:39:54] 記事ID 18B998C8848442319D4EF73E9FAB513D: 画像アクセス成功 (HTTP 200)
[2025-07-20 21:39:54] 記事ID A869E459E13D4D70B214BAFECCF95001: 画像アクセス成功 (HTTP 200)
[2025-07-20 21:39:54] 記事ID A869E459E13D4D70B214BAFECCF95001: 画像アクセス成功 (HTTP 200)
[2025-07-20 21:39:54] 記事ID A869E459E13D4D70B214BAFECCF95001: 画像アクセス成功 (HTTP 200)
[2025-07-20 21:39:54] 記事ID 9D3766A7B0AB49C3AD9B14F94F4144AE: 画像アクセス成功 (HTTP 200)
[2025-07-20 21:39:54] 記事ID FD684005FE2443A2AB05401F5FD48F8F: 画像アクセス成功 (HTTP 200)
[2025-07-20 21:39:54] 記事ID FD684005FE2443A2AB05401F5FD48F8F: 画像アクセス失敗 (HTTP 404)
[2025-07-20 21:39:54] 記事ID FD684005FE2443A2AB05401F5FD48F8F: 画像アクセス失敗 (HTTP 404)
[2025-07-20 21:39:54] 記事ID FD684005FE2443A2AB05401F5FD48F8F: 画像アクセス失敗 (HTTP 404)
[2025-07-20 21:39:54] 記事ID 6314CC815A4A4AAFB0CB9D6BE8017665: 画像アクセス成功 (HTTP 200)
[2025-07-20 21:39:55] 記事ID 56D4C6A1EF4E4271AAEF0270F89E246E: 画像アクセス成功 (HTTP 200)
[2025-07-20 21:39:55] 記事ID DAD74F76145D44AE96B02354DCEB3CC3: 画像アクセス成功 (HTTP 200)
[2025-07-20 21:39:55] 記事ID DAD74F76145D44AE96B02354DCEB3CC3: 画像アクセス成功 (HTTP 200)
[2025-07-20 21:39:55] 記事ID AED949C3491D4D2BBCE67D5DA3528CD0: 画像アクセス成功 (HTTP 200)
[2025-07-20 21:39:55] 記事ID E78EA384C3634DC09FFFC114605F1F99: 画像アクセス成功 (HTTP 200)
[2025-07-20 21:39:55] 記事ID 9E49955C47254D4E9578EF2A1CAA5FE0: 画像アクセス成功 (HTTP 200)
[2025-07-20 21:39:55] 記事ID 9E49955C47254D4E9578EF2A1CAA5FE0: 画像アクセス成功 (HTTP 200)
[2025-07-20 21:39:55] 記事ID 9E49955C47254D4E9578EF2A1CAA5FE0: 画像アクセス成功 (HTTP 200)
[2025-07-20 21:39:55] 記事ID 445F89785B3240348200FCE84C6B59D7: 画像アクセス成功 (HTTP 200)
[2025-07-20 21:39:55] 記事ID 61C4C9C869AC43108DCAB5A22FE60067: 画像アクセス成功 (HTTP 200)
[2025-07-20 21:39:55] 記事ID 61C4C9C869AC43108DCAB5A22FE60067: 画像アクセス成功 (HTTP 200)
[2025-07-20 21:39:56] 記事ID 61C4C9C869AC43108DCAB5A22FE60067: 画像アクセス成功 (HTTP 200)
[2025-07-20 21:39:56] 記事ID 5535D8D52C4D456082B324C0D29D1DC3: 画像アクセス成功 (HTTP 200)
[2025-07-20 21:39:56] 記事ID 80F38C776D7F4A7E9230ED4A96A463D8: 画像アクセス成功 (HTTP 200)
[2025-07-20 21:39:56] 記事ID 80F38C776D7F4A7E9230ED4A96A463D8: 画像アクセス成功 (HTTP 200)
[2025-07-20 21:39:56] 記事ID 80F38C776D7F4A7E9230ED4A96A463D8: 画像アクセス成功 (HTTP 200)
[2025-07-20 21:39:56] 記事ID 80F38C776D7F4A7E9230ED4A96A463D8: 画像アクセス成功 (HTTP 200)
[2025-07-20 21:39:56] 記事ID 80F38C776D7F4A7E9230ED4A96A463D8: 画像アクセス成功 (HTTP 200)
[2025-07-20 21:39:56] 記事ID 80F38C776D7F4A7E9230ED4A96A463D8: 画像アクセス成功 (HTTP 200)
[2025-07-20 21:39:56] 記事ID 80F38C776D7F4A7E9230ED4A96A463D8: 画像アクセス成功 (HTTP 200)
[2025-07-20 21:39:56] 記事ID C6DA77D136594B43B1D0AEF1D64C1A11: 画像アクセス成功 (HTTP 200)
[2025-07-20 21:39:56] 記事ID EC4ACF9128FA44E3897B1CF4235D60F3: 画像アクセス成功 (HTTP 200)
[2025-07-20 21:39:57] 記事ID EC4ACF9128FA44E3897B1CF4235D60F3: 画像アクセス成功 (HTTP 200)
[2025-07-20 21:39:57] 記事ID 6FAE19AE84FE480C9040D94CCE106180: 画像アクセス成功 (HTTP 200)
[2025-07-20 21:39:57] 記事ID F75660FD4B4046D98D72FC531856C053: 画像アクセス成功 (HTTP 200)
[2025-07-20 21:39:57] 記事ID 5D85E09478A2459B8E1AA2127A9110AC: 画像アクセス成功 (HTTP 200)
[2025-07-20 21:39:57] 記事ID 5D85E09478A2459B8E1AA2127A9110AC: 画像アクセス成功 (HTTP 200)
[2025-07-20 21:39:57] 記事ID 3AF5A8F273974D2AA4A0B9B708E657A5: 画像アクセス成功 (HTTP 200)
[2025-07-20 21:39:57] 記事ID 96D0FECA77F8471B9817AEF5F9543CA6: 画像アクセス成功 (HTTP 200)
[2025-07-20 21:39:57] 画像アクセステスト完了
[2025-07-20 21:39:57] レポート生成を開始
[2025-07-20 21:39:57] レポート生成完了: scripts/verification_report.json, scripts/verification_summary.txt
[2025-07-20 21:39:57] === 画像URL検証・修正プログラム完了 ===
